Дмитрий
Голоскок
3623bc5fca6cfa6d9f5d66af36879232
[6.4.2022 | 18:23:38] {"type":"cmd","data":"run"}
,[6.4.2022 | 18:23:38] {"client-id":"00b052d5-0193-4fd4-9d32-72f8be62d8d3","gpioa":0,"gpiob":0,"gpioc":32768,"gpiod":0,"gpioe":0,"modeltime":0,"type":"gpio"}
,[6.4.2022 | 18:23:38] {"client-id":"00b052d5-0193-4fd4-9d32-72f8be62d8d3","gpioa":0,"gpiob":0,"gpioc":32768,"gpiod":0,"gpioe":0,"modeltime":0,"type":"gpio"}
,[6.4.2022 | 18:23:38] {"client-id":"00b052d5-0193-4fd4-9d32-72f8be62d8d3","gpioa":0,"gpiob":0,"gpioc":32768,"gpiod":0,"gpioe":0,"modeltime":0,"type":"gpio"}
,[6.4.2022 | 18:23:38] {"client-id":"00b052d5-0193-4fd4-9d32-72f8be62d8d3","gpioa":0,"gpiob":0,"gpioc":32768,"gpiod":0,"gpioe":0,"modeltime":0,"type":"gpio"}
,[6.4.2022 | 18:23:38] {"client-id":"00b052d5-0193-4fd4-9d32-72f8be62d8d3","gpioa":0,"gpiob":0,"gpioc":32768,"gpiod":0,"gpioe":0,"modeltime":0,"type":"gpio"}
,[6.4.2022 | 18:23:38] {"client-id":"00b052d5-0193-4fd4-9d32-72f8be62d8d3","gpioa":0,"gpiob":0,"gpioc":32768,"gpiod":4104,"gpioe":0,"modeltime":0,"type":"gpio"}
,[6.4.2022 | 18:23:38] {"client-id":"00b052d5-0193-4fd4-9d32-72f8be62d8d3","gpioa":0,"gpiob":0,"gpioc":32768,"gpiod":4104,"gpioe":0,"modeltime":0,"type":"gpio"}
,[6.4.2022 | 18:23:38] {"client-id":"00b052d5-0193-4fd4-9d32-72f8be62d8d3","gpioa":0,"gpiob":0,"gpioc":32768,"gpiod":4104,"gpioe":0,"modeltime":0,"type":"gpio"}
,[6.4.2022 | 18:23:39] {"client-id":"00b052d5-0193-4fd4-9d32-72f8be62d8d3","gpioa":0,"gpiob":0,"gpioc":32768,"gpiod":4104,"gpioe":0,"modeltime":0,"type":"gpio"}
,[6.4.2022 | 18:23:39] {"client-id":"00b052d5-0193-4fd4-9d32-72f8be62d8d3","gpioa":0,"gpiob":0,"gpioc":32768,"gpiod":4104,"gpioe":0,"modeltime":0,"type":"gpio"}
,[6.4.2022 | 18:23:39] {"client-id":"00b052d5-0193-4fd4-9d32-72f8be62d8d3","gpioa":0,"gpiob":0,"gpioc":32768,"gpiod":6168,"gpioe":0,"modeltime":0,"type":"gpio"}
,[6.4.2022 | 18:23:39] {"client-id":"00b052d5-0193-4fd4-9d32-72f8be62d8d3","gpioa":0,"gpiob":0,"gpioc":32768,"gpiod":6168,"gpioe":0,"modeltime":0,"type":"gpio"}
,[6.4.2022 | 18:23:39] {"client-id":"00b052d5-0193-4fd4-9d32-72f8be62d8d3","gpioa":0,"gpiob":0,"gpioc":32768,"gpiod":6168,"gpioe":0,"modeltime":0,"type":"gpio"}
,[6.4.2022 | 18:23:39] {"client-id":"00b052d5-0193-4fd4-9d32-72f8be62d8d3","gpioa":0,"gpiob":0,"gpioc":32768,"gpiod":6168,"gpioe":0,"modeltime":0,"type":"gpio"}
,[6.4.2022 | 18:23:39] {"client-id":"00b052d5-0193-4fd4-9d32-72f8be62d8d3","gpioa":0,"gpiob":0,"gpioc":32768,"gpiod":6168,"gpioe":0,"modeltime":0,"type":"gpio"}
,[6.4.2022 | 18:23:39] {"client-id":"00b052d5-0193-4fd4-9d32-72f8be62d8d3","gpioa":0,"gpiob":0,"gpioc":32768,"gpiod":6712,"gpioe":0,"modeltime":0,"type":"gpio"}
,[6.4.2022 | 18:23:39] {"client-id":"00b052d5-0193-4fd4-9d32-72f8be62d8d3","gpioa":0,"gpiob":0,"gpioc":32768,"gpiod":6712,"gpioe":0,"modeltime":0,"type":"gpio"}
,[6.4.2022 | 18:23:39] {"client-id":"00b052d5-0193-4fd4-9d32-72f8be62d8d3","gpioa":0,"gpiob":0,"gpioc":32768,"gpiod":6712,"gpioe":0,"modeltime":0,"type":"gpio"}
,[6.4.2022 | 18:23:40] {"client-id":"00b052d5-0193-4fd4-9d32-72f8be62d8d3","gpioa":0,"gpiob":0,"gpioc":32768,"gpiod":6712,"gpioe":0,"modeltime":0,"type":"gpio"}
,[6.4.2022 | 18:23:40] {"client-id":"00b052d5-0193-4fd4-9d32-72f8be62d8d3","gpioa":0,"gpiob":0,"gpioc":32768,"gpiod":6712,"gpioe":0,"modeltime":0,"type":"gpio"}
,[6.4.2022 | 18:23:40] {"client-id":"00b052d5-0193-4fd4-9d32-72f8be62d8d3","gpioa":0,"gpiob":0,"gpioc":32768,"gpiod":7032,"gpioe":0,"modeltime":0,"type":"gpio"}
,[6.4.2022 | 18:23:40] {"client-id":"00b052d5-0193-4fd4-9d32-72f8be62d8d3","gpioa":0,"gpiob":0,"gpioc":32768,"gpiod":7032,"gpioe":0,"modeltime":0,"type":"gpio"}
,[6.4.2022 | 18:23:40] {"client-id":"00b052d5-0193-4fd4-9d32-72f8be62d8d3","gpioa":0,"gpiob":0,"gpioc":32768,"gpiod":7032,"gpioe":0,"modeltime":0,"type":"gpio"}
,[6.4.2022 | 18:23:40] {"client-id":"00b052d5-0193-4fd4-9d32-72f8be62d8d3","gpioa":0,"gpiob":0,"gpioc":32768,"gpiod":7032,"gpioe":0,"modeltime":0,"type":"gpio"}
,[6.4.2022 | 18:23:40] {"client-id":"00b052d5-0193-4fd4-9d32-72f8be62d8d3","gpioa":0,"gpiob":0,"gpioc":32768,"gpiod":7032,"gpioe":0,"modeltime":0,"type":"gpio"}
,[6.4.2022 | 18:23:40] {"client-id":"00b052d5-0193-4fd4-9d32-72f8be62d8d3","gpioa":0,"gpiob":0,"gpioc":32768,"gpiod":6712,"gpioe":0,"modeltime":0,"type":"gpio"}
,[6.4.2022 | 18:23:40] {"client-id":"00b052d5-0193-4fd4-9d32-72f8be62d8d3","gpioa":0,"gpiob":0,"gpioc":32768,"gpiod":6712,"gpioe":0,"modeltime":0,"type":"gpio"}
,[6.4.2022 | 18:23:40] {"client-id":"00b052d5-0193-4fd4-9d32-72f8be62d8d3","gpioa":0,"gpiob":0,"gpioc":32768,"gpiod":6712,"gpioe":0,"modeltime":0,"type":"gpio"}
,[6.4.2022 | 18:23:41] {"client-id":"00b052d5-0193-4fd4-9d32-72f8be62d8d3","gpioa":0,"gpiob":0,"gpioc":32768,"gpiod":6712,"gpioe":0,"modeltime":0,"type":"gpio"}
,[6.4.2022 | 18:23:41] {"client-id":"00b052d5-0193-4fd4-9d32-72f8be62d8d3","gpioa":0,"gpiob":0,"gpioc":32768,"gpiod":6712,"gpioe":0,"modeltime":0,"type":"gpio"}
,[6.4.2022 | 18:23:41] {"client-id":"00b052d5-0193-4fd4-9d32-72f8be62d8d3","gpioa":0,"gpiob":0,"gpioc":32768,"gpiod":6168,"gpioe":0,"modeltime":0,"type":"gpio"}
,[6.4.2022 | 18:23:41] {"client-id":"00b052d5-0193-4fd4-9d32-72f8be62d8d3","gpioa":0,"gpiob":0,"gpioc":32768,"gpiod":6168,"gpioe":0,"modeltime":0,"type":"gpio"}
,[6.4.2022 | 18:23:41] {"client-id":"00b052d5-0193-4fd4-9d32-72f8be62d8d3","gpioa":0,"gpiob":0,"gpioc":32768,"gpiod":6168,"gpioe":0,"modeltime":0,"type":"gpio"}
,[6.4.2022 | 18:23:41] {"client-id":"00b052d5-0193-4fd4-9d32-72f8be62d8d3","gpioa":0,"gpiob":0,"gpioc":32768,"gpiod":6168,"gpioe":0,"modeltime":0,"type":"gpio"}
,[6.4.2022 | 18:23:41] {"client-id":"00b052d5-0193-4fd4-9d32-72f8be62d8d3","gpioa":0,"gpiob":0,"gpioc":32768,"gpiod":6168,"gpioe":0,"modeltime":0,"type":"gpio"}
,[6.4.2022 | 18:23:41] {"client-id":"00b052d5-0193-4fd4-9d32-72f8be62d8d3","gpioa":0,"gpiob":0,"gpioc":32768,"gpiod":4104,"gpioe":0,"modeltime":0,"type":"gpio"}
,[6.4.2022 | 18:23:41] {"client-id":"00b052d5-0193-4fd4-9d32-72f8be62d8d3","gpioa":0,"gpiob":0,"gpioc":32768,"gpiod":4104,"gpioe":0,"modeltime":0,"type":"gpio"}
,[6.4.2022 | 18:23:41] {"client-id":"00b052d5-0193-4fd4-9d32-72f8be62d8d3","gpioa":0,"gpiob":0,"gpioc":32768,"gpiod":4104,"gpioe":0,"modeltime":0,"type":"gpio"}
,[6.4.2022 | 18:23:42] {"client-id":"00b052d5-0193-4fd4-9d32-72f8be62d8d3","gpioa":0,"gpiob":0,"gpioc":32768,"gpiod":4104,"gpioe":0,"modeltime":0,"type":"gpio"}
,[6.4.2022 | 18:23:42] {"client-id":"00b052d5-0193-4fd4-9d32-72f8be62d8d3","gpioa":0,"gpiob":0,"gpioc":32768,"gpiod":4104,"gpioe":0,"modeltime":0,"type":"gpio"}
,[6.4.2022 | 18:23:42] {"client-id":"00b052d5-0193-4fd4-9d32-72f8be62d8d3","gpioa":0,"gpiob":0,"gpioc":32768,"gpiod":0,"gpioe":0,"modeltime":0,"type":"gpio"}
,[6.4.2022 | 18:23:42] {"client-id":"00b052d5-0193-4fd4-9d32-72f8be62d8d3","gpioa":0,"gpiob":0,"gpioc":32768,"gpiod":0,"gpioe":0,"modeltime":0,"type":"gpio"}
,[6.4.2022 | 18:23:42] {"client-id":"00b052d5-0193-4fd4-9d32-72f8be62d8d3","gpioa":0,"gpiob":0,"gpioc":32768,"gpiod":0,"gpioe":0,"modeltime":0,"type":"gpio"}
,[6.4.2022 | 18:23:42] {"client-id":"00b052d5-0193-4fd4-9d32-72f8be62d8d3","gpioa":0,"gpiob":0,"gpioc":32768,"gpiod":0,"gpioe":0,"modeltime":0,"type":"gpio"}
,[6.4.2022 | 18:23:42] {"client-id":"00b052d5-0193-4fd4-9d32-72f8be62d8d3","gpioa":0,"gpiob":0,"gpioc":32768,"gpiod":0,"gpioe":0,"modeltime":0,"type":"gpio"}
,[6.4.2022 | 18:23:42] {"client-id":"00b052d5-0193-4fd4-9d32-72f8be62d8d3","gpioa":0,"gpiob":0,"gpioc":32768,"gpiod":4104,"gpioe":0,"modeltime":0,"type":"gpio"}
,[6.4.2022 | 18:23:42] {"client-id":"00b052d5-0193-4fd4-9d32-72f8be62d8d3","gpioa":0,"gpiob":0,"gpioc":32768,"gpiod":4104,"gpioe":0,"modeltime":0,"type":"gpio"}
,[6.4.2022 | 18:23:42] {"client-id":"00b052d5-0193-4fd4-9d32-72f8be62d8d3","gpioa":0,"gpiob":0,"gpioc":32768,"gpiod":4104,"gpioe":0,"modeltime":0,"type":"gpio"}
,[6.4.2022 | 18:23:43] {"client-id":"00b052d5-0193-4fd4-9d32-72f8be62d8d3","gpioa":0,"gpiob":0,"gpioc":32768,"gpiod":4104,"gpioe":0,"modeltime":0,"type":"gpio"}
,[6.4.2022 | 18:23:43] {"client-id":"00b052d5-0193-4fd4-9d32-72f8be62d8d3","gpioa":0,"gpiob":0,"gpioc":32768,"gpiod":4104,"gpioe":0,"modeltime":0,"type":"gpio"}
,[6.4.2022 | 18:23:43] {"client-id":"00b052d5-0193-4fd4-9d32-72f8be62d8d3","gpioa":0,"gpiob":0,"gpioc":32768,"gpiod":6168,"gpioe":0,"modeltime":0,"type":"gpio"}
,[6.4.2022 | 18:23:43] {"client-id":"00b052d5-0193-4fd4-9d32-72f8be62d8d3","gpioa":0,"gpiob":0,"gpioc":32768,"gpiod":6168,"gpioe":0,"modeltime":0,"type":"gpio"}
,[6.4.2022 | 18:23:43] {"client-id":"00b052d5-0193-4fd4-9d32-72f8be62d8d3","gpioa":0,"gpiob":0,"gpioc":32768,"gpiod":6168,"gpioe":0,"modeltime":0,"type":"gpio"}
,[6.4.2022 | 18:23:43] {"client-id":"00b052d5-0193-4fd4-9d32-72f8be62d8d3","gpioa":0,"gpiob":0,"gpioc":32768,"gpiod":6168,"gpioe":0,"modeltime":0,"type":"gpio"}
,[6.4.2022 | 18:23:43] {"client-id":"00b052d5-0193-4fd4-9d32-72f8be62d8d3","gpioa":0,"gpiob":0,"gpioc":32768,"gpiod":6168,"gpioe":0,"modeltime":0,"type":"gpio"}
,[6.4.2022 | 18:23:43] {"client-id":"00b052d5-0193-4fd4-9d32-72f8be62d8d3","gpioa":0,"gpiob":0,"gpioc":32768,"gpiod":6712,"gpioe":0,"modeltime":0,"type":"gpio"}
,[6.4.2022 | 18:23:43] {"client-id":"00b052d5-0193-4fd4-9d32-72f8be62d8d3","gpioa":0,"gpiob":0,"gpioc":32768,"gpiod":6712,"gpioe":0,"modeltime":0,"type":"gpio"}
,[6.4.2022 | 18:23:43] {"client-id":"00b052d5-0193-4fd4-9d32-72f8be62d8d3","gpioa":0,"gpiob":0,"gpioc":32768,"gpiod":6712,"gpioe":0,"modeltime":0,"type":"gpio"}
,[6.4.2022 | 18:23:44] {"client-id":"00b052d5-0193-4fd4-9d32-72f8be62d8d3","gpioa":0,"gpiob":0,"gpioc":32768,"gpiod":6712,"gpioe":0,"modeltime":0,"type":"gpio"}
,[6.4.2022 | 18:23:44] {"client-id":"00b052d5-0193-4fd4-9d32-72f8be62d8d3","gpioa":0,"gpiob":0,"gpioc":32768,"gpiod":6712,"gpioe":0,"modeltime":0,"type":"gpio"}
,[6.4.2022 | 18:23:44] {"client-id":"00b052d5-0193-4fd4-9d32-72f8be62d8d3","gpioa":0,"gpiob":0,"gpioc":32768,"gpiod":7032,"gpioe":0,"modeltime":0,"type":"gpio"}
,[6.4.2022 | 18:23:44] {"client-id":"00b052d5-0193-4fd4-9d32-72f8be62d8d3","gpioa":0,"gpiob":0,"gpioc":32768,"gpiod":7032,"gpioe":0,"modeltime":0,"type":"gpio"}
,[6.4.2022 | 18:23:44] {"client-id":"00b052d5-0193-4fd4-9d32-72f8be62d8d3","gpioa":0,"gpiob":0,"gpioc":32768,"gpiod":7032,"gpioe":0,"modeltime":0,"type":"gpio"}
,[6.4.2022 | 18:23:44] {"client-id":"00b052d5-0193-4fd4-9d32-72f8be62d8d3","gpioa":0,"gpiob":0,"gpioc":32768,"gpiod":7032,"gpioe":0,"modeltime":0,"type":"gpio"}
,[6.4.2022 | 18:23:44] {"client-id":"00b052d5-0193-4fd4-9d32-72f8be62d8d3","gpioa":0,"gpiob":0,"gpioc":32768,"gpiod":7032,"gpioe":0,"modeltime":0,"type":"gpio"}
,[6.4.2022 | 18:23:44] {"client-id":"00b052d5-0193-4fd4-9d32-72f8be62d8d3","gpioa":0,"gpiob":0,"gpioc":32768,"gpiod":6712,"gpioe":0,"modeltime":0,"type":"gpio"}
,[6.4.2022 | 18:23:44] {"client-id":"00b052d5-0193-4fd4-9d32-72f8be62d8d3","gpioa":0,"gpiob":0,"gpioc":32768,"gpiod":6712,"gpioe":0,"modeltime":0,"type":"gpio"}
,[6.4.2022 | 18:23:44] {"client-id":"00b052d5-0193-4fd4-9d32-72f8be62d8d3","gpioa":0,"gpiob":0,"gpioc":32768,"gpiod":6712,"gpioe":0,"modeltime":0,"type":"gpio"}
,[6.4.2022 | 18:23:45] {"client-id":"00b052d5-0193-4fd4-9d32-72f8be62d8d3","gpioa":0,"gpiob":0,"gpioc":32768,"gpiod":6712,"gpioe":0,"modeltime":0,"type":"gpio"}
,[6.4.2022 | 18:23:45] {"client-id":"00b052d5-0193-4fd4-9d32-72f8be62d8d3","gpioa":0,"gpiob":0,"gpioc":32768,"gpiod":6712,"gpioe":0,"modeltime":0,"type":"gpio"}
,[6.4.2022 | 18:23:45] {"client-id":"00b052d5-0193-4fd4-9d32-72f8be62d8d3","gpioa":0,"gpiob":0,"gpioc":32768,"gpiod":6168,"gpioe":0,"modeltime":0,"type":"gpio"}
,[6.4.2022 | 18:23:45] {"client-id":"00b052d5-0193-4fd4-9d32-72f8be62d8d3","gpioa":0,"gpiob":0,"gpioc":32768,"gpiod":6168,"gpioe":0,"modeltime":0,"type":"gpio"}
,[6.4.2022 | 18:23:45] {"client-id":"00b052d5-0193-4fd4-9d32-72f8be62d8d3","gpioa":0,"gpiob":0,"gpioc":32768,"gpiod":6168,"gpioe":0,"modeltime":0,"type":"gpio"}
,[6.4.2022 | 18:23:45] {"client-id":"00b052d5-0193-4fd4-9d32-72f8be62d8d3","gpioa":0,"gpiob":0,"gpioc":32768,"gpiod":6168,"gpioe":0,"modeltime":0,"type":"gpio"}
,[6.4.2022 | 18:23:45] {"client-id":"00b052d5-0193-4fd4-9d32-72f8be62d8d3","gpioa":0,"gpiob":0,"gpioc":32768,"gpiod":6168,"gpioe":0,"modeltime":0,"type":"gpio"}
,[6.4.2022 | 18:23:45] {"client-id":"00b052d5-0193-4fd4-9d32-72f8be62d8d3","gpioa":0,"gpiob":0,"gpioc":32768,"gpiod":4104,"gpioe":0,"modeltime":0,"type":"gpio"}
,[6.4.2022 | 18:23:45] {"client-id":"00b052d5-0193-4fd4-9d32-72f8be62d8d3","gpioa":0,"gpiob":0,"gpioc":32768,"gpiod":4104,"gpioe":0,"modeltime":0,"type":"gpio"}
,[6.4.2022 | 18:23:45] {"client-id":"00b052d5-0193-4fd4-9d32-72f8be62d8d3","gpioa":0,"gpiob":0,"gpioc":32768,"gpiod":4104,"gpioe":0,"modeltime":0,"type":"gpio"}
,[6.4.2022 | 18:23:46] {"client-id":"00b052d5-0193-4fd4-9d32-72f8be62d8d3","gpioa":0,"gpiob":0,"gpioc":32768,"gpiod":4104,"gpioe":0,"modeltime":0,"type":"gpio"}
,[6.4.2022 | 18:23:46] {"client-id":"00b052d5-0193-4fd4-9d32-72f8be62d8d3","gpioa":0,"gpiob":0,"gpioc":32768,"gpiod":4104,"gpioe":0,"modeltime":0,"type":"gpio"}
,[6.4.2022 | 18:23:46] {"client-id":"00b052d5-0193-4fd4-9d32-72f8be62d8d3","gpioa":0,"gpiob":0,"gpioc":32768,"gpiod":0,"gpioe":0,"modeltime":0,"type":"gpio"}
,[6.4.2022 | 18:23:46] {"client-id":"00b052d5-0193-4fd4-9d32-72f8be62d8d3","gpioa":0,"gpiob":0,"gpioc":32768,"gpiod":0,"gpioe":0,"modeltime":0,"type":"gpio"}
,[6.4.2022 | 18:23:46] {"client-id":"00b052d5-0193-4fd4-9d32-72f8be62d8d3","gpioa":0,"gpiob":0,"gpioc":32768,"gpiod":0,"gpioe":0,"modeltime":0,"type":"gpio"}
,[6.4.2022 | 18:23:46] {"client-id":"00b052d5-0193-4fd4-9d32-72f8be62d8d3","gpioa":0,"gpiob":0,"gpioc":32768,"gpiod":0,"gpioe":0,"modeltime":0,"type":"gpio"}
,[6.4.2022 | 18:23:46] {"client-id":"00b052d5-0193-4fd4-9d32-72f8be62d8d3","gpioa":0,"gpiob":0,"gpioc":32768,"gpiod":0,"gpioe":0,"modeltime":0,"type":"gpio"}
,[6.4.2022 | 18:23:46] {"client-id":"00b052d5-0193-4fd4-9d32-72f8be62d8d3","gpioa":0,"gpiob":0,"gpioc":32768,"gpiod":4104,"gpioe":0,"modeltime":0,"type":"gpio"}
,[6.4.2022 | 18:23:46] {"client-id":"00b052d5-0193-4fd4-9d32-72f8be62d8d3","gpioa":0,"gpiob":0,"gpioc":32768,"gpiod":4104,"gpioe":0,"modeltime":0,"type":"gpio"}
,[6.4.2022 | 18:23:46] {"client-id":"00b052d5-0193-4fd4-9d32-72f8be62d8d3","gpioa":0,"gpiob":0,"gpioc":32768,"gpiod":4104,"gpioe":4096,"modeltime":0,"type":"gpio"}
,[6.4.2022 | 18:23:47] {"client-id":"00b052d5-0193-4fd4-9d32-72f8be62d8d3","gpioa":0,"gpiob":0,"gpioc":32768,"gpiod":4104,"gpioe":4096,"modeltime":0,"type":"gpio"}
,[6.4.2022 | 18:23:47] {"client-id":"00b052d5-0193-4fd4-9d32-72f8be62d8d3","gpioa":0,"gpiob":0,"gpioc":32768,"gpiod":4104,"gpioe":4096,"modeltime":0,"type":"gpio"}
,[6.4.2022 | 18:23:47] {"client-id":"00b052d5-0193-4fd4-9d32-72f8be62d8d3","gpioa":0,"gpiob":0,"gpioc":32768,"gpiod":6168,"gpioe":4096,"modeltime":0,"type":"gpio"}
,[6.4.2022 | 18:23:47] {"client-id":"00b052d5-0193-4fd4-9d32-72f8be62d8d3","gpioa":0,"gpiob":0,"gpioc":32768,"gpiod":6168,"gpioe":4096,"modeltime":0,"type":"gpio"}
,[6.4.2022 | 18:23:47] {"client-id":"00b052d5-0193-4fd4-9d32-72f8be62d8d3","gpioa":0,"gpiob":0,"gpioc":32768,"gpiod":6168,"gpioe":4096,"modeltime":0,"type":"gpio"}
,[6.4.2022 | 18:23:47] {"client-id":"00b052d5-0193-4fd4-9d32-72f8be62d8d3","gpioa":0,"gpiob":0,"gpioc":32768,"gpiod":6168,"gpioe":4096,"modeltime":0,"type":"gpio"}
,[6.4.2022 | 18:23:47] {"client-id":"00b052d5-0193-4fd4-9d32-72f8be62d8d3","gpioa":0,"gpiob":0,"gpioc":32768,"gpiod":6168,"gpioe":4096,"modeltime":0,"type":"gpio"}
,[6.4.2022 | 18:23:47] {"client-id":"00b052d5-0193-4fd4-9d32-72f8be62d8d3","gpioa":0,"gpiob":0,"gpioc":32768,"gpiod":6168,"gpioe":4096,"modeltime":0,"type":"gpio"}
,[6.4.2022 | 18:23:47] {"client-id":"00b052d5-0193-4fd4-9d32-72f8be62d8d3","gpioa":0,"gpiob":0,"gpioc":32768,"gpiod":6712,"gpioe":4096,"modeltime":0,"type":"gpio"}
,[6.4.2022 | 18:23:47] {"client-id":"00b052d5-0193-4fd4-9d32-72f8be62d8d3","gpioa":0,"gpiob":0,"gpioc":32768,"gpiod":6712,"gpioe":4096,"modeltime":0,"type":"gpio"}
,[6.4.2022 | 18:23:48] {"client-id":"00b052d5-0193-4fd4-9d32-72f8be62d8d3","gpioa":0,"gpiob":0,"gpioc":32768,"gpiod":6712,"gpioe":4096,"modeltime":0,"type":"gpio"}
,[6.4.2022 | 18:23:48] {"client-id":"00b052d5-0193-4fd4-9d32-72f8be62d8d3","gpioa":0,"gpiob":0,"gpioc":32768,"gpiod":6712,"gpioe":4096,"modeltime":0,"type":"gpio"}
,[6.4.2022 | 18:23:48] {"client-id":"00b052d5-0193-4fd4-9d32-72f8be62d8d3","gpioa":0,"gpiob":0,"gpioc":32768,"gpiod":6712,"gpioe":4096,"modeltime":0,"type":"gpio"}
,[6.4.2022 | 18:23:48] {"client-id":"00b052d5-0193-4fd4-9d32-72f8be62d8d3","gpioa":0,"gpiob":0,"gpioc":32768,"gpiod":7032,"gpioe":4096,"modeltime":0,"type":"gpio"}
,[6.4.2022 | 18:23:48] {"client-id":"00b052d5-0193-4fd4-9d32-72f8be62d8d3","gpioa":0,"gpiob":0,"gpioc":32768,"gpiod":7032,"gpioe":4096,"modeltime":0,"type":"gpio"}
,[6.4.2022 | 18:23:48] {"client-id":"00b052d5-0193-4fd4-9d32-72f8be62d8d3","gpioa":0,"gpiob":0,"gpioc":32768,"gpiod":7032,"gpioe":4096,"modeltime":0,"type":"gpio"}
,[6.4.2022 | 18:23:48] {"client-id":"00b052d5-0193-4fd4-9d32-72f8be62d8d3","gpioa":0,"gpiob":0,"gpioc":32768,"gpiod":7032,"gpioe":4096,"modeltime":0,"type":"gpio"}
,[6.4.2022 | 18:23:48] {"client-id":"00b052d5-0193-4fd4-9d32-72f8be62d8d3","gpioa":0,"gpiob":0,"gpioc":32768,"gpiod":7032,"gpioe":4096,"modeltime":0,"type":"gpio"}
,[6.4.2022 | 18:23:48] {"client-id":"00b052d5-0193-4fd4-9d32-72f8be62d8d3","gpioa":0,"gpiob":0,"gpioc":32768,"gpiod":7032,"gpioe":4096,"modeltime":0,"type":"gpio"}
,[6.4.2022 | 18:23:48] {"client-id":"00b052d5-0193-4fd4-9d32-72f8be62d8d3","gpioa":0,"gpiob":0,"gpioc":32768,"gpiod":6712,"gpioe":4096,"modeltime":0,"type":"gpio"}
,[6.4.2022 | 18:23:49] {"client-id":"00b052d5-0193-4fd4-9d32-72f8be62d8d3","gpioa":0,"gpiob":0,"gpioc":32768,"gpiod":6712,"gpioe":4096,"modeltime":0,"type":"gpio"}
,[6.4.2022 | 18:23:49] {"client-id":"00b052d5-0193-4fd4-9d32-72f8be62d8d3","gpioa":0,"gpiob":0,"gpioc":32768,"gpiod":6712,"gpioe":4096,"modeltime":0,"type":"gpio"}
,[6.4.2022 | 18:23:49] {"client-id":"00b052d5-0193-4fd4-9d32-72f8be62d8d3","gpioa":0,"gpiob":0,"gpioc":32768,"gpiod":6712,"gpioe":4096,"modeltime":0,"type":"gpio"}
,[6.4.2022 | 18:23:49] {"client-id":"00b052d5-0193-4fd4-9d32-72f8be62d8d3","gpioa":0,"gpiob":0,"gpioc":32768,"gpiod":6712,"gpioe":4096,"modeltime":0,"type":"gpio"}
,[6.4.2022 | 18:23:49] {"client-id":"00b052d5-0193-4fd4-9d32-72f8be62d8d3","gpioa":0,"gpiob":0,"gpioc":32768,"gpiod":6712,"gpioe":4096,"modeltime":0,"type":"gpio"}
,[6.4.2022 | 18:23:49] {"client-id":"00b052d5-0193-4fd4-9d32-72f8be62d8d3","gpioa":0,"gpiob":0,"gpioc":32768,"gpiod":6712,"gpioe":4096,"modeltime":0,"type":"gpio"}
,[6.4.2022 | 18:23:49] {"client-id":"00b052d5-0193-4fd4-9d32-72f8be62d8d3","gpioa":0,"gpiob":0,"gpioc":32768,"gpiod":6712,"gpioe":4096,"modeltime":0,"type":"gpio"}
,[6.4.2022 | 18:23:49] {"client-id":"00b052d5-0193-4fd4-9d32-72f8be62d8d3","gpioa":0,"gpiob":0,"gpioc":32768,"gpiod":6168,"gpioe":4096,"modeltime":0,"type":"gpio"}
,[6.4.2022 | 18:23:49] {"client-id":"00b052d5-0193-4fd4-9d32-72f8be62d8d3","gpioa":0,"gpiob":0,"gpioc":32768,"gpiod":6168,"gpioe":4096,"modeltime":0,"type":"gpio"}
,[6.4.2022 | 18:23:49] {"client-id":"00b052d5-0193-4fd4-9d32-72f8be62d8d3","gpioa":0,"gpiob":0,"gpioc":32768,"gpiod":6168,"gpioe":4096,"modeltime":0,"type":"gpio"}
,[6.4.2022 | 18:23:50] {"client-id":"00b052d5-0193-4fd4-9d32-72f8be62d8d3","gpioa":0,"gpiob":0,"gpioc":32768,"gpiod":6168,"gpioe":4096,"modeltime":0,"type":"gpio"}
,[6.4.2022 | 18:23:50] {"client-id":"00b052d5-0193-4fd4-9d32-72f8be62d8d3","gpioa":0,"gpiob":0,"gpioc":32768,"gpiod":6168,"gpioe":4096,"modeltime":0,"type":"gpio"}
,[6.4.2022 | 18:23:50] {"client-id":"00b052d5-0193-4fd4-9d32-72f8be62d8d3","gpioa":0,"gpiob":0,"gpioc":32768,"gpiod":4104,"gpioe":4096,"modeltime":0,"type":"gpio"}
,[6.4.2022 | 18:23:50] {"client-id":"00b052d5-0193-4fd4-9d32-72f8be62d8d3","gpioa":0,"gpiob":0,"gpioc":32768,"gpiod":4104,"gpioe":4096,"modeltime":0,"type":"gpio"}
,[6.4.2022 | 18:23:50] {"client-id":"00b052d5-0193-4fd4-9d32-72f8be62d8d3","gpioa":0,"gpiob":0,"gpioc":32768,"gpiod":4104,"gpioe":4096,"modeltime":0,"type":"gpio"}
,[6.4.2022 | 18:23:50] {"client-id":"00b052d5-0193-4fd4-9d32-72f8be62d8d3","gpioa":0,"gpiob":0,"gpioc":32768,"gpiod":4104,"gpioe":4096,"modeltime":0,"type":"gpio"}
,[6.4.2022 | 18:23:50] {"client-id":"00b052d5-0193-4fd4-9d32-72f8be62d8d3","gpioa":0,"gpiob":0,"gpioc":32768,"gpiod":4104,"gpioe":4096,"modeltime":0,"type":"gpio"}
,[6.4.2022 | 18:23:50] {"client-id":"00b052d5-0193-4fd4-9d32-72f8be62d8d3","gpioa":0,"gpiob":0,"gpioc":32768,"gpiod":4104,"gpioe":4096,"modeltime":0,"type":"gpio"}
,[6.4.2022 | 18:23:50] {"client-id":"00b052d5-0193-4fd4-9d32-72f8be62d8d3","gpioa":0,"gpiob":0,"gpioc":32768,"gpiod":0,"gpioe":4096,"modeltime":0,"type":"gpio"}
,[6.4.2022 | 18:23:50] {"client-id":"00b052d5-0193-4fd4-9d32-72f8be62d8d3","gpioa":0,"gpiob":0,"gpioc":32768,"gpiod":0,"gpioe":4096,"modeltime":0,"type":"gpio"}
,[6.4.2022 | 18:23:51] {"client-id":"00b052d5-0193-4fd4-9d32-72f8be62d8d3","gpioa":0,"gpiob":0,"gpioc":32768,"gpiod":0,"gpioe":4096,"modeltime":0,"type":"gpio"}
,[6.4.2022 | 18:23:51] {"client-id":"00b052d5-0193-4fd4-9d32-72f8be62d8d3","gpioa":0,"gpiob":0,"gpioc":32768,"gpiod":0,"gpioe":4096,"modeltime":0,"type":"gpio"}
,[6.4.2022 | 18:23:51] {"client-id":"00b052d5-0193-4fd4-9d32-72f8be62d8d3","gpioa":0,"gpiob":0,"gpioc":32768,"gpiod":0,"gpioe":4096,"modeltime":0,"type":"gpio"}
,[6.4.2022 | 18:23:51] {"client-id":"00b052d5-0193-4fd4-9d32-72f8be62d8d3","gpioa":0,"gpiob":0,"gpioc":32768,"gpiod":0,"gpioe":4096,"modeltime":0,"type":"gpio"}
,[6.4.2022 | 18:23:51] {"client-id":"00b052d5-0193-4fd4-9d32-72f8be62d8d3","gpioa":0,"gpiob":0,"gpioc":32768,"gpiod":4104,"gpioe":5120,"modeltime":0,"type":"gpio"}
,[6.4.2022 | 18:23:51] {"client-id":"00b052d5-0193-4fd4-9d32-72f8be62d8d3","gpioa":0,"gpiob":0,"gpioc":32768,"gpiod":4104,"gpioe":5120,"modeltime":0,"type":"gpio"}
,[6.4.2022 | 18:23:51] {"client-id":"00b052d5-0193-4fd4-9d32-72f8be62d8d3","gpioa":0,"gpiob":0,"gpioc":32768,"gpiod":4104,"gpioe":5120,"modeltime":0,"type":"gpio"}
,[6.4.2022 | 18:23:51] {"client-id":"00b052d5-0193-4fd4-9d32-72f8be62d8d3","gpioa":0,"gpiob":0,"gpioc":32768,"gpiod":4104,"gpioe":5120,"modeltime":0,"type":"gpio"}
,[6.4.2022 | 18:23:51] {"client-id":"00b052d5-0193-4fd4-9d32-72f8be62d8d3","gpioa":0,"gpiob":0,"gpioc":32768,"gpiod":4104,"gpioe":5120,"modeltime":0,"type":"gpio"}
,[6.4.2022 | 18:23:51] {"client-id":"00b052d5-0193-4fd4-9d32-72f8be62d8d3","gpioa":0,"gpiob":0,"gpioc":32768,"gpiod":4104,"gpioe":5120,"modeltime":0,"type":"gpio"}
,[6.4.2022 | 18:23:52] {"client-id":"00b052d5-0193-4fd4-9d32-72f8be62d8d3","gpioa":0,"gpiob":0,"gpioc":32768,"gpiod":4104,"gpioe":5120,"modeltime":0,"type":"gpio"}
,[6.4.2022 | 18:23:52] {"client-id":"00b052d5-0193-4fd4-9d32-72f8be62d8d3","gpioa":0,"gpiob":0,"gpioc":32768,"gpiod":4104,"gpioe":5120,"modeltime":0,"type":"gpio"}
,[6.4.2022 | 18:23:52] {"client-id":"00b052d5-0193-4fd4-9d32-72f8be62d8d3","gpioa":0,"gpiob":0,"gpioc":32768,"gpiod":6168,"gpioe":5120,"modeltime":0,"type":"gpio"}
,[6.4.2022 | 18:23:52] {"client-id":"00b052d5-0193-4fd4-9d32-72f8be62d8d3","gpioa":0,"gpiob":0,"gpioc":32768,"gpiod":6168,"gpioe":5120,"modeltime":0,"type":"gpio"}
,[6.4.2022 | 18:23:52] {"client-id":"00b052d5-0193-4fd4-9d32-72f8be62d8d3","gpioa":0,"gpiob":0,"gpioc":32768,"gpiod":6168,"gpioe":5120,"modeltime":0,"type":"gpio"}
,[6.4.2022 | 18:23:52] {"client-id":"00b052d5-0193-4fd4-9d32-72f8be62d8d3","gpioa":0,"gpiob":0,"gpioc":32768,"gpiod":6168,"gpioe":5120,"modeltime":0,"type":"gpio"}
,[6.4.2022 | 18:23:52] {"client-id":"00b052d5-0193-4fd4-9d32-72f8be62d8d3","gpioa":0,"gpiob":0,"gpioc":32768,"gpiod":6168,"gpioe":5120,"modeltime":0,"type":"gpio"}
,[6.4.2022 | 18:23:52] {"client-id":"00b052d5-0193-4fd4-9d32-72f8be62d8d3","gpioa":0,"gpiob":0,"gpioc":32768,"gpiod":6168,"gpioe":5120,"modeltime":0,"type":"gpio"}
,[6.4.2022 | 18:23:52] {"client-id":"00b052d5-0193-4fd4-9d32-72f8be62d8d3","gpioa":0,"gpiob":0,"gpioc":32768,"gpiod":6168,"gpioe":5120,"modeltime":0,"type":"gpio"}
,[6.4.2022 | 18:23:52] {"client-id":"00b052d5-0193-4fd4-9d32-72f8be62d8d3","gpioa":0,"gpiob":0,"gpioc":32768,"gpiod":6712,"gpioe":5120,"modeltime":0,"type":"gpio"}
,[6.4.2022 | 18:23:53] {"client-id":"00b052d5-0193-4fd4-9d32-72f8be62d8d3","gpioa":0,"gpiob":0,"gpioc":32768,"gpiod":6712,"gpioe":5120,"modeltime":0,"type":"gpio"}
,[6.4.2022 | 18:23:53] {"client-id":"00b052d5-0193-4fd4-9d32-72f8be62d8d3","gpioa":0,"gpiob":0,"gpioc":32768,"gpiod":6712,"gpioe":5120,"modeltime":0,"type":"gpio"}
,[6.4.2022 | 18:23:53] {"client-id":"00b052d5-0193-4fd4-9d32-72f8be62d8d3","gpioa":0,"gpiob":0,"gpioc":32768,"gpiod":6712,"gpioe":5120,"modeltime":0,"type":"gpio"}
,[6.4.2022 | 18:23:53] {"client-id":"00b052d5-0193-4fd4-9d32-72f8be62d8d3","gpioa":0,"gpiob":0,"gpioc":32768,"gpiod":6712,"gpioe":5120,"modeltime":0,"type":"gpio"}
,[6.4.2022 | 18:23:53] {"client-id":"00b052d5-0193-4fd4-9d32-72f8be62d8d3","gpioa":0,"gpiob":0,"gpioc":32768,"gpiod":6712,"gpioe":5120,"modeltime":0,"type":"gpio"}
,[6.4.2022 | 18:23:53] {"client-id":"00b052d5-0193-4fd4-9d32-72f8be62d8d3","gpioa":0,"gpiob":0,"gpioc":32768,"gpiod":6712,"gpioe":5120,"modeltime":0,"type":"gpio"}
,[6.4.2022 | 18:23:53] {"client-id":"00b052d5-0193-4fd4-9d32-72f8be62d8d3","gpioa":0,"gpiob":0,"gpioc":32768,"gpiod":6712,"gpioe":5120,"modeltime":0,"type":"gpio"}
,[6.4.2022 | 18:23:53] {"client-id":"00b052d5-0193-4fd4-9d32-72f8be62d8d3","gpioa":0,"gpiob":0,"gpioc":32768,"gpiod":6712,"gpioe":5120,"modeltime":0,"type":"gpio"}
,[6.4.2022 | 18:23:53] {"client-id":"00b052d5-0193-4fd4-9d32-72f8be62d8d3","gpioa":0,"gpiob":0,"gpioc":32768,"gpiod":7032,"gpioe":5120,"modeltime":0,"type":"gpio"}
,[6.4.2022 | 18:23:53] {"client-id":"00b052d5-0193-4fd4-9d32-72f8be62d8d3","gpioa":0,"gpiob":0,"gpioc":32768,"gpiod":7032,"gpioe":5120,"modeltime":0,"type":"gpio"}
,[6.4.2022 | 18:23:54] {"client-id":"00b052d5-0193-4fd4-9d32-72f8be62d8d3","gpioa":0,"gpiob":0,"gpioc":32768,"gpiod":7032,"gpioe":5120,"modeltime":0,"type":"gpio"}
,[6.4.2022 | 18:23:54] {"client-id":"00b052d5-0193-4fd4-9d32-72f8be62d8d3","gpioa":0,"gpiob":0,"gpioc":32768,"gpiod":7032,"gpioe":5120,"modeltime":0,"type":"gpio"}
,[6.4.2022 | 18:23:54] {"client-id":"00b052d5-0193-4fd4-9d32-72f8be62d8d3","gpioa":0,"gpiob":0,"gpioc":32768,"gpiod":7032,"gpioe":5120,"modeltime":0,"type":"gpio"}
,[6.4.2022 | 18:23:54] {"client-id":"00b052d5-0193-4fd4-9d32-72f8be62d8d3","gpioa":0,"gpiob":0,"gpioc":32768,"gpiod":7032,"gpioe":5120,"modeltime":0,"type":"gpio"}
,[6.4.2022 | 18:23:54] {"client-id":"00b052d5-0193-4fd4-9d32-72f8be62d8d3","gpioa":0,"gpiob":0,"gpioc":32768,"gpiod":7032,"gpioe":5120,"modeltime":0,"type":"gpio"}
,[6.4.2022 | 18:23:54] {"client-id":"00b052d5-0193-4fd4-9d32-72f8be62d8d3","gpioa":0,"gpiob":0,"gpioc":32768,"gpiod":7032,"gpioe":5120,"modeltime":0,"type":"gpio"}
,[6.4.2022 | 18:23:54] {"client-id":"00b052d5-0193-4fd4-9d32-72f8be62d8d3","gpioa":0,"gpiob":0,"gpioc":32768,"gpiod":7032,"gpioe":5120,"modeltime":0,"type":"gpio"}
,[6.4.2022 | 18:23:54] {"client-id":"00b052d5-0193-4fd4-9d32-72f8be62d8d3","gpioa":0,"gpiob":0,"gpioc":32768,"gpiod":6712,"gpioe":5120,"modeltime":0,"type":"gpio"}
,[6.4.2022 | 18:23:54] {"client-id":"00b052d5-0193-4fd4-9d32-72f8be62d8d3","gpioa":0,"gpiob":0,"gpioc":32768,"gpiod":6712,"gpioe":5120,"modeltime":0,"type":"gpio"}
,[6.4.2022 | 18:23:54] {"client-id":"00b052d5-0193-4fd4-9d32-72f8be62d8d3","gpioa":0,"gpiob":0,"gpioc":32768,"gpiod":6712,"gpioe":5120,"modeltime":0,"type":"gpio"}
,[6.4.2022 | 18:23:55] {"client-id":"00b052d5-0193-4fd4-9d32-72f8be62d8d3","gpioa":0,"gpiob":0,"gpioc":32768,"gpiod":6712,"gpioe":5120,"modeltime":0,"type":"gpio"}
,[6.4.2022 | 18:23:55] {"client-id":"00b052d5-0193-4fd4-9d32-72f8be62d8d3","gpioa":0,"gpiob":0,"gpioc":32768,"gpiod":6712,"gpioe":5120,"modeltime":0,"type":"gpio"}
,[6.4.2022 | 18:23:55] {"client-id":"00b052d5-0193-4fd4-9d32-72f8be62d8d3","gpioa":0,"gpiob":0,"gpioc":32768,"gpiod":6712,"gpioe":5376,"modeltime":0,"type":"gpio"}
,[6.4.2022 | 18:23:55] {"client-id":"00b052d5-0193-4fd4-9d32-72f8be62d8d3","gpioa":0,"gpiob":0,"gpioc":32768,"gpiod":6712,"gpioe":5376,"modeltime":0,"type":"gpio"}
,[6.4.2022 | 18:23:55] {"client-id":"00b052d5-0193-4fd4-9d32-72f8be62d8d3","gpioa":0,"gpiob":0,"gpioc":32768,"gpiod":6712,"gpioe":5376,"modeltime":0,"type":"gpio"}
,[6.4.2022 | 18:23:55] {"client-id":"00b052d5-0193-4fd4-9d32-72f8be62d8d3","gpioa":0,"gpiob":0,"gpioc":32768,"gpiod":6712,"gpioe":5376,"modeltime":0,"type":"gpio"}
,[6.4.2022 | 18:23:55] {"client-id":"00b052d5-0193-4fd4-9d32-72f8be62d8d3","gpioa":0,"gpiob":0,"gpioc":32768,"gpiod":6712,"gpioe":5376,"modeltime":0,"type":"gpio"}
,[6.4.2022 | 18:23:55] {"client-id":"00b052d5-0193-4fd4-9d32-72f8be62d8d3","gpioa":0,"gpiob":0,"gpioc":32768,"gpiod":6168,"gpioe":5376,"modeltime":0,"type":"gpio"}
,[6.4.2022 | 18:23:55] {"client-id":"00b052d5-0193-4fd4-9d32-72f8be62d8d3","gpioa":0,"gpiob":0,"gpioc":32768,"gpiod":6168,"gpioe":5376,"modeltime":0,"type":"gpio"}
,[6.4.2022 | 18:23:55] {"client-id":"00b052d5-0193-4fd4-9d32-72f8be62d8d3","gpioa":0,"gpiob":0,"gpioc":32768,"gpiod":6168,"gpioe":5376,"modeltime":0,"type":"gpio"}
,[6.4.2022 | 18:23:56] {"client-id":"00b052d5-0193-4fd4-9d32-72f8be62d8d3","gpioa":0,"gpiob":0,"gpioc":32768,"gpiod":6168,"gpioe":5376,"modeltime":0,"type":"gpio"}
,[6.4.2022 | 18:23:56] {"client-id":"00b052d5-0193-4fd4-9d32-72f8be62d8d3","gpioa":0,"gpiob":0,"gpioc":32768,"gpiod":6168,"gpioe":5376,"modeltime":0,"type":"gpio"}
,[6.4.2022 | 18:23:56] {"client-id":"00b052d5-0193-4fd4-9d32-72f8be62d8d3","gpioa":0,"gpiob":0,"gpioc":32768,"gpiod":6168,"gpioe":5376,"modeltime":0,"type":"gpio"}
,[6.4.2022 | 18:23:56] {"client-id":"00b052d5-0193-4fd4-9d32-72f8be62d8d3","gpioa":0,"gpiob":0,"gpioc":32768,"gpiod":6168,"gpioe":5376,"modeltime":0,"type":"gpio"}
,[6.4.2022 | 18:23:56] {"client-id":"00b052d5-0193-4fd4-9d32-72f8be62d8d3","gpioa":0,"gpiob":0,"gpioc":32768,"gpiod":6168,"gpioe":5376,"modeltime":0,"type":"gpio"}
,[6.4.2022 | 18:23:56] {"client-id":"00b052d5-0193-4fd4-9d32-72f8be62d8d3","gpioa":0,"gpiob":0,"gpioc":32768,"gpiod":6168,"gpioe":5376,"modeltime":0,"type":"gpio"}
,[6.4.2022 | 18:23:56] {"client-id":"00b052d5-0193-4fd4-9d32-72f8be62d8d3","gpioa":0,"gpiob":0,"gpioc":32768,"gpiod":6168,"gpioe":5376,"modeltime":0,"type":"gpio"}
,[6.4.2022 | 18:23:56] {"client-id":"00b052d5-0193-4fd4-9d32-72f8be62d8d3","gpioa":0,"gpiob":0,"gpioc":32768,"gpiod":6168,"gpioe":5376,"modeltime":0,"type":"gpio"}
,[6.4.2022 | 18:23:56] {"client-id":"00b052d5-0193-4fd4-9d32-72f8be62d8d3","gpioa":0,"gpiob":0,"gpioc":32768,"gpiod":4104,"gpioe":5376,"modeltime":0,"type":"gpio"}
,[6.4.2022 | 18:23:56] {"client-id":"00b052d5-0193-4fd4-9d32-72f8be62d8d3","gpioa":0,"gpiob":0,"gpioc":32768,"gpiod":4104,"gpioe":5376,"modeltime":0,"type":"gpio"}
,[6.4.2022 | 18:23:57] {"client-id":"00b052d5-0193-4fd4-9d32-72f8be62d8d3","gpioa":0,"gpiob":0,"gpioc":32768,"gpiod":4104,"gpioe":5376,"modeltime":0,"type":"gpio"}
,[6.4.2022 | 18:23:57] {"client-id":"00b052d5-0193-4fd4-9d32-72f8be62d8d3","gpioa":0,"gpiob":0,"gpioc":32768,"gpiod":4104,"gpioe":5376,"modeltime":0,"type":"gpio"}
,[6.4.2022 | 18:23:57] {"client-id":"00b052d5-0193-4fd4-9d32-72f8be62d8d3","gpioa":0,"gpiob":0,"gpioc":32768,"gpiod":4104,"gpioe":5376,"modeltime":0,"type":"gpio"}
,[6.4.2022 | 18:23:57] {"client-id":"00b052d5-0193-4fd4-9d32-72f8be62d8d3","gpioa":0,"gpiob":0,"gpioc":32768,"gpiod":4104,"gpioe":5376,"modeltime":0,"type":"gpio"}
,[6.4.2022 | 18:23:57] {"client-id":"00b052d5-0193-4fd4-9d32-72f8be62d8d3","gpioa":0,"gpiob":0,"gpioc":32768,"gpiod":4104,"gpioe":5376,"modeltime":0,"type":"gpio"}
,[6.4.2022 | 18:23:57] {"client-id":"00b052d5-0193-4fd4-9d32-72f8be62d8d3","gpioa":0,"gpiob":0,"gpioc":32768,"gpiod":4104,"gpioe":5376,"modeltime":0,"type":"gpio"}
,[6.4.2022 | 18:23:57] {"client-id":"00b052d5-0193-4fd4-9d32-72f8be62d8d3","gpioa":0,"gpiob":0,"gpioc":32768,"gpiod":4104,"gpioe":5376,"modeltime":0,"type":"gpio"}
,[6.4.2022 | 18:23:57] {"client-id":"00b052d5-0193-4fd4-9d32-72f8be62d8d3","gpioa":0,"gpiob":0,"gpioc":32768,"gpiod":4104,"gpioe":5376,"modeltime":0,"type":"gpio"}
,[6.4.2022 | 18:23:57] {"client-id":"00b052d5-0193-4fd4-9d32-72f8be62d8d3","gpioa":0,"gpiob":0,"gpioc":32768,"gpiod":0,"gpioe":5376,"modeltime":0,"type":"gpio"}
,[6.4.2022 | 18:23:57] {"client-id":"00b052d5-0193-4fd4-9d32-72f8be62d8d3","gpioa":0,"gpiob":0,"gpioc":32768,"gpiod":0,"gpioe":5376,"modeltime":0,"type":"gpio"}
,[6.4.2022 | 18:23:58] {"client-id":"00b052d5-0193-4fd4-9d32-72f8be62d8d3","gpioa":0,"gpiob":0,"gpioc":32768,"gpiod":0,"gpioe":5376,"modeltime":0,"type":"gpio"}
,[6.4.2022 | 18:23:58] {"client-id":"00b052d5-0193-4fd4-9d32-72f8be62d8d3","gpioa":0,"gpiob":0,"gpioc":32768,"gpiod":0,"gpioe":5376,"modeltime":0,"type":"gpio"}
,[6.4.2022 | 18:23:58] {"client-id":"00b052d5-0193-4fd4-9d32-72f8be62d8d3","gpioa":0,"gpiob":0,"gpioc":32768,"gpiod":0,"gpioe":5376,"modeltime":0,"type":"gpio"}
,[6.4.2022 | 18:23:58] {"client-id":"00b052d5-0193-4fd4-9d32-72f8be62d8d3","gpioa":0,"gpiob":0,"gpioc":32768,"gpiod":0,"gpioe":5376,"modeltime":0,"type":"gpio"}
,[6.4.2022 | 18:23:58] {"client-id":"00b052d5-0193-4fd4-9d32-72f8be62d8d3","gpioa":0,"gpiob":0,"gpioc":32768,"gpiod":0,"gpioe":5376,"modeltime":0,"type":"gpio"}
,[6.4.2022 | 18:23:58] {"client-id":"00b052d5-0193-4fd4-9d32-72f8be62d8d3","gpioa":0,"gpiob":0,"gpioc":32768,"gpiod":0,"gpioe":5376,"modeltime":0,"type":"gpio"}
,[6.4.2022 | 18:23:58] {"client-id":"00b052d5-0193-4fd4-9d32-72f8be62d8d3","gpioa":0,"gpiob":0,"gpioc":32768,"gpiod":0,"gpioe":5376,"modeltime":0,"type":"gpio"}
,[6.4.2022 | 18:23:58] {"client-id":"00b052d5-0193-4fd4-9d32-72f8be62d8d3","gpioa":0,"gpiob":0,"gpioc":32768,"gpiod":0,"gpioe":5376,"modeltime":0,"type":"gpio"}
,[6.4.2022 | 18:23:58] {"client-id":"00b052d5-0193-4fd4-9d32-72f8be62d8d3","gpioa":0,"gpiob":0,"gpioc":32768,"gpiod":0,"gpioe":5376,"modeltime":0,"type":"gpio"}
,[6.4.2022 | 18:23:58] {"client-id":"00b052d5-0193-4fd4-9d32-72f8be62d8d3","gpioa":0,"gpiob":0,"gpioc":32768,"gpiod":4104,"gpioe":5376,"modeltime":0,"type":"gpio"}
,[6.4.2022 | 18:23:59] {"client-id":"00b052d5-0193-4fd4-9d32-72f8be62d8d3","gpioa":0,"gpiob":0,"gpioc":32768,"gpiod":4104,"gpioe":5376,"modeltime":0,"type":"gpio"}
,[6.4.2022 | 18:23:59] {"client-id":"00b052d5-0193-4fd4-9d32-72f8be62d8d3","gpioa":0,"gpiob":0,"gpioc":32768,"gpiod":4104,"gpioe":5376,"modeltime":0,"type":"gpio"}
,[6.4.2022 | 18:23:59] {"client-id":"00b052d5-0193-4fd4-9d32-72f8be62d8d3","gpioa":0,"gpiob":0,"gpioc":32768,"gpiod":4104,"gpioe":5376,"modeltime":0,"type":"gpio"}
,[6.4.2022 | 18:23:59] {"client-id":"00b052d5-0193-4fd4-9d32-72f8be62d8d3","gpioa":0,"gpiob":0,"gpioc":32768,"gpiod":4104,"gpioe":5376,"modeltime":0,"type":"gpio"}
,[6.4.2022 | 18:23:59] {"client-id":"00b052d5-0193-4fd4-9d32-72f8be62d8d3","gpioa":0,"gpiob":0,"gpioc":32768,"gpiod":4104,"gpioe":5376,"modeltime":0,"type":"gpio"}
,[6.4.2022 | 18:23:59] {"client-id":"00b052d5-0193-4fd4-9d32-72f8be62d8d3","gpioa":0,"gpiob":0,"gpioc":32768,"gpiod":4104,"gpioe":5392,"modeltime":0,"type":"gpio"}
,[6.4.2022 | 18:23:59] {"client-id":"00b052d5-0193-4fd4-9d32-72f8be62d8d3","gpioa":0,"gpiob":0,"gpioc":32768,"gpiod":4104,"gpioe":5392,"modeltime":0,"type":"gpio"}
,[6.4.2022 | 18:23:59] {"client-id":"00b052d5-0193-4fd4-9d32-72f8be62d8d3","gpioa":0,"gpiob":0,"gpioc":32768,"gpiod":4104,"gpioe":5392,"modeltime":0,"type":"gpio"}
,[6.4.2022 | 18:23:59] {"client-id":"00b052d5-0193-4fd4-9d32-72f8be62d8d3","gpioa":0,"gpiob":0,"gpioc":32768,"gpiod":4104,"gpioe":5392,"modeltime":0,"type":"gpio"}
,[6.4.2022 | 18:23:59] {"client-id":"00b052d5-0193-4fd4-9d32-72f8be62d8d3","gpioa":0,"gpiob":0,"gpioc":32768,"gpiod":4104,"gpioe":5392,"modeltime":0,"type":"gpio"}
,[6.4.2022 | 18:24:0] {"client-id":"00b052d5-0193-4fd4-9d32-72f8be62d8d3","gpioa":0,"gpiob":0,"gpioc":32768,"gpiod":4104,"gpioe":5392,"modeltime":0,"type":"gpio"}
,[6.4.2022 | 18:24:0] {"client-id":"00b052d5-0193-4fd4-9d32-72f8be62d8d3","gpioa":0,"gpiob":0,"gpioc":32768,"gpiod":4104,"gpioe":5392,"modeltime":0,"type":"gpio"}
,[6.4.2022 | 18:24:0] {"client-id":"00b052d5-0193-4fd4-9d32-72f8be62d8d3","gpioa":0,"gpiob":0,"gpioc":32768,"gpiod":4104,"gpioe":5392,"modeltime":0,"type":"gpio"}
,[6.4.2022 | 18:24:0] {"client-id":"00b052d5-0193-4fd4-9d32-72f8be62d8d3","gpioa":0,"gpiob":0,"gpioc":32768,"gpiod":4104,"gpioe":5392,"modeltime":0,"type":"gpio"}
,[6.4.2022 | 18:24:0] {"client-id":"00b052d5-0193-4fd4-9d32-72f8be62d8d3","gpioa":0,"gpiob":0,"gpioc":32768,"gpiod":6168,"gpioe":5392,"modeltime":0,"type":"gpio"}
,[6.4.2022 | 18:24:0] {"client-id":"00b052d5-0193-4fd4-9d32-72f8be62d8d3","gpioa":0,"gpiob":0,"gpioc":32768,"gpiod":6168,"gpioe":5392,"modeltime":0,"type":"gpio"}
,[6.4.2022 | 18:24:0] {"client-id":"00b052d5-0193-4fd4-9d32-72f8be62d8d3","gpioa":0,"gpiob":0,"gpioc":32768,"gpiod":6168,"gpioe":5392,"modeltime":0,"type":"gpio"}
,[6.4.2022 | 18:24:0] {"client-id":"00b052d5-0193-4fd4-9d32-72f8be62d8d3","gpioa":0,"gpiob":0,"gpioc":32768,"gpiod":6168,"gpioe":5392,"modeltime":0,"type":"gpio"}
,[6.4.2022 | 18:24:0] {"client-id":"00b052d5-0193-4fd4-9d32-72f8be62d8d3","gpioa":0,"gpiob":0,"gpioc":32768,"gpiod":6168,"gpioe":5392,"modeltime":0,"type":"gpio"}
,[6.4.2022 | 18:24:0] {"client-id":"00b052d5-0193-4fd4-9d32-72f8be62d8d3","gpioa":0,"gpiob":0,"gpioc":32768,"gpiod":6168,"gpioe":5392,"modeltime":0,"type":"gpio"}
,[6.4.2022 | 18:24:1] {"client-id":"00b052d5-0193-4fd4-9d32-72f8be62d8d3","gpioa":0,"gpiob":0,"gpioc":32768,"gpiod":6168,"gpioe":5392,"modeltime":0,"type":"gpio"}
,[6.4.2022 | 18:24:1] {"client-id":"00b052d5-0193-4fd4-9d32-72f8be62d8d3","gpioa":0,"gpiob":0,"gpioc":32768,"gpiod":6168,"gpioe":5392,"modeltime":0,"type":"gpio"}
,[6.4.2022 | 18:24:1] {"client-id":"00b052d5-0193-4fd4-9d32-72f8be62d8d3","gpioa":0,"gpiob":0,"gpioc":32768,"gpiod":6168,"gpioe":5392,"modeltime":0,"type":"gpio"}
,[6.4.2022 | 18:24:1] {"client-id":"00b052d5-0193-4fd4-9d32-72f8be62d8d3","gpioa":0,"gpiob":0,"gpioc":32768,"gpiod":6168,"gpioe":5392,"modeltime":0,"type":"gpio"}
,[6.4.2022 | 18:24:1] {"client-id":"00b052d5-0193-4fd4-9d32-72f8be62d8d3","gpioa":0,"gpiob":0,"gpioc":32768,"gpiod":6168,"gpioe":5392,"modeltime":0,"type":"gpio"}
,[6.4.2022 | 18:24:1] {"client-id":"00b052d5-0193-4fd4-9d32-72f8be62d8d3","gpioa":0,"gpiob":0,"gpioc":32768,"gpiod":6168,"gpioe":5392,"modeltime":0,"type":"gpio"}
,[6.4.2022 | 18:24:1] {"client-id":"00b052d5-0193-4fd4-9d32-72f8be62d8d3","gpioa":0,"gpiob":0,"gpioc":32768,"gpiod":6168,"gpioe":5392,"modeltime":0,"type":"gpio"}
,[6.4.2022 | 18:24:1] {"client-id":"00b052d5-0193-4fd4-9d32-72f8be62d8d3","gpioa":0,"gpiob":0,"gpioc":32768,"gpiod":6168,"gpioe":5392,"modeltime":0,"type":"gpio"}
,[6.4.2022 | 18:24:1] {"client-id":"00b052d5-0193-4fd4-9d32-72f8be62d8d3","gpioa":0,"gpiob":0,"gpioc":32768,"gpiod":6168,"gpioe":5392,"modeltime":0,"type":"gpio"}
,[6.4.2022 | 18:24:1] {"client-id":"00b052d5-0193-4fd4-9d32-72f8be62d8d3","gpioa":0,"gpiob":0,"gpioc":32768,"gpiod":6712,"gpioe":5392,"modeltime":0,"type":"gpio"}
,[6.4.2022 | 18:24:2] {"client-id":"00b052d5-0193-4fd4-9d32-72f8be62d8d3","gpioa":0,"gpiob":0,"gpioc":32768,"gpiod":6712,"gpioe":5392,"modeltime":0,"type":"gpio"}
,[6.4.2022 | 18:24:2] {"client-id":"00b052d5-0193-4fd4-9d32-72f8be62d8d3","gpioa":0,"gpiob":0,"gpioc":32768,"gpiod":6712,"gpioe":5392,"modeltime":0,"type":"gpio"}
,[6.4.2022 | 18:24:2] {"client-id":"00b052d5-0193-4fd4-9d32-72f8be62d8d3","gpioa":0,"gpiob":0,"gpioc":32768,"gpiod":6712,"gpioe":5392,"modeltime":0,"type":"gpio"}
,[6.4.2022 | 18:24:2] {"client-id":"00b052d5-0193-4fd4-9d32-72f8be62d8d3","gpioa":0,"gpiob":0,"gpioc":32768,"gpiod":6712,"gpioe":5392,"modeltime":0,"type":"gpio"}
,[6.4.2022 | 18:24:2] {"client-id":"00b052d5-0193-4fd4-9d32-72f8be62d8d3","gpioa":0,"gpiob":0,"gpioc":32768,"gpiod":6712,"gpioe":5392,"modeltime":0,"type":"gpio"}
,[6.4.2022 | 18:24:2] {"client-id":"00b052d5-0193-4fd4-9d32-72f8be62d8d3","gpioa":0,"gpiob":0,"gpioc":32768,"gpiod":6712,"gpioe":5392,"modeltime":0,"type":"gpio"}
,[6.4.2022 | 18:24:2] {"client-id":"00b052d5-0193-4fd4-9d32-72f8be62d8d3","gpioa":0,"gpiob":0,"gpioc":32768,"gpiod":6712,"gpioe":5392,"modeltime":0,"type":"gpio"}
,[6.4.2022 | 18:24:2] {"client-id":"00b052d5-0193-4fd4-9d32-72f8be62d8d3","gpioa":0,"gpiob":0,"gpioc":32768,"gpiod":6712,"gpioe":5392,"modeltime":0,"type":"gpio"}
,[6.4.2022 | 18:24:2] {"client-id":"00b052d5-0193-4fd4-9d32-72f8be62d8d3","gpioa":0,"gpiob":0,"gpioc":32768,"gpiod":6712,"gpioe":5392,"modeltime":0,"type":"gpio"}
,[6.4.2022 | 18:24:2] {"client-id":"00b052d5-0193-4fd4-9d32-72f8be62d8d3","gpioa":0,"gpiob":0,"gpioc":32768,"gpiod":6712,"gpioe":5392,"modeltime":0,"type":"gpio"}
,[6.4.2022 | 18:24:3] {"client-id":"00b052d5-0193-4fd4-9d32-72f8be62d8d3","gpioa":0,"gpiob":0,"gpioc":32768,"gpiod":6712,"gpioe":5392,"modeltime":0,"type":"gpio"}
,[6.4.2022 | 18:24:3] {"client-id":"00b052d5-0193-4fd4-9d32-72f8be62d8d3","gpioa":0,"gpiob":0,"gpioc":32768,"gpiod":6712,"gpioe":5392,"modeltime":0,"type":"gpio"}
,[6.4.2022 | 18:24:3] {"client-id":"00b052d5-0193-4fd4-9d32-72f8be62d8d3","gpioa":0,"gpiob":0,"gpioc":32768,"gpiod":6712,"gpioe":5392,"modeltime":0,"type":"gpio"}
,[6.4.2022 | 18:24:3] {"client-id":"00b052d5-0193-4fd4-9d32-72f8be62d8d3","gpioa":0,"gpiob":0,"gpioc":32768,"gpiod":6712,"gpioe":5392,"modeltime":0,"type":"gpio"}
,[6.4.2022 | 18:24:3] {"client-id":"00b052d5-0193-4fd4-9d32-72f8be62d8d3","gpioa":0,"gpiob":0,"gpioc":32768,"gpiod":7032,"gpioe":5392,"modeltime":0,"type":"gpio"}
,[6.4.2022 | 18:24:3] {"client-id":"00b052d5-0193-4fd4-9d32-72f8be62d8d3","gpioa":0,"gpiob":0,"gpioc":32768,"gpiod":7032,"gpioe":5392,"modeltime":0,"type":"gpio"}
,[6.4.2022 | 18:24:3] {"client-id":"00b052d5-0193-4fd4-9d32-72f8be62d8d3","gpioa":0,"gpiob":0,"gpioc":32768,"gpiod":7032,"gpioe":5392,"modeltime":0,"type":"gpio"}
,[6.4.2022 | 18:24:3] {"client-id":"00b052d5-0193-4fd4-9d32-72f8be62d8d3","gpioa":0,"gpiob":0,"gpioc":32768,"gpiod":7032,"gpioe":5392,"modeltime":0,"type":"gpio"}
,[6.4.2022 | 18:24:3] {"client-id":"00b052d5-0193-4fd4-9d32-72f8be62d8d3","gpioa":0,"gpiob":0,"gpioc":32768,"gpiod":7032,"gpioe":5392,"modeltime":0,"type":"gpio"}
,[6.4.2022 | 18:24:3] {"client-id":"00b052d5-0193-4fd4-9d32-72f8be62d8d3","gpioa":0,"gpiob":0,"gpioc":32768,"gpiod":7032,"gpioe":5392,"modeltime":0,"type":"gpio"}
,[6.4.2022 | 18:24:4] {"client-id":"00b052d5-0193-4fd4-9d32-72f8be62d8d3","gpioa":0,"gpiob":0,"gpioc":32768,"gpiod":7032,"gpioe":5392,"modeltime":0,"type":"gpio"}
,[6.4.2022 | 18:24:4] {"client-id":"00b052d5-0193-4fd4-9d32-72f8be62d8d3","gpioa":0,"gpiob":0,"gpioc":32768,"gpiod":7032,"gpioe":5392,"modeltime":0,"type":"gpio"}
,[6.4.2022 | 18:24:4] {"client-id":"00b052d5-0193-4fd4-9d32-72f8be62d8d3","gpioa":0,"gpiob":0,"gpioc":32768,"gpiod":7032,"gpioe":5392,"modeltime":0,"type":"gpio"}
,[6.4.2022 | 18:24:4] {"client-id":"00b052d5-0193-4fd4-9d32-72f8be62d8d3","gpioa":0,"gpiob":0,"gpioc":32768,"gpiod":7032,"gpioe":5392,"modeltime":0,"type":"gpio"}
,[6.4.2022 | 18:24:4] {"client-id":"00b052d5-0193-4fd4-9d32-72f8be62d8d3","gpioa":0,"gpiob":0,"gpioc":32768,"gpiod":7032,"gpioe":5392,"modeltime":0,"type":"gpio"}
,[6.4.2022 | 18:24:4] {"client-id":"00b052d5-0193-4fd4-9d32-72f8be62d8d3","gpioa":0,"gpiob":0,"gpioc":32768,"gpiod":7032,"gpioe":5392,"modeltime":0,"type":"gpio"}
,[6.4.2022 | 18:24:4] {"client-id":"00b052d5-0193-4fd4-9d32-72f8be62d8d3","gpioa":0,"gpiob":0,"gpioc":32768,"gpiod":7032,"gpioe":5392,"modeltime":0,"type":"gpio"}
,[6.4.2022 | 18:24:4] {"client-id":"00b052d5-0193-4fd4-9d32-72f8be62d8d3","gpioa":0,"gpiob":0,"gpioc":32768,"gpiod":7032,"gpioe":5392,"modeltime":0,"type":"gpio"}
,[6.4.2022 | 18:24:4] {"client-id":"00b052d5-0193-4fd4-9d32-72f8be62d8d3","gpioa":0,"gpiob":0,"gpioc":32768,"gpiod":7032,"gpioe":5392,"modeltime":0,"type":"gpio"}
,[6.4.2022 | 18:24:4] {"client-id":"00b052d5-0193-4fd4-9d32-72f8be62d8d3","gpioa":0,"gpiob":0,"gpioc":32768,"gpiod":7032,"gpioe":5392,"modeltime":0,"type":"gpio"}
,[6.4.2022 | 18:24:5] {"client-id":"00b052d5-0193-4fd4-9d32-72f8be62d8d3","gpioa":0,"gpiob":0,"gpioc":32768,"gpiod":6712,"gpioe":5392,"modeltime":0,"type":"gpio"}
,[6.4.2022 | 18:24:5] {"client-id":"00b052d5-0193-4fd4-9d32-72f8be62d8d3","gpioa":0,"gpiob":0,"gpioc":32768,"gpiod":6712,"gpioe":5392,"modeltime":0,"type":"gpio"}
,[6.4.2022 | 18:24:5] {"client-id":"00b052d5-0193-4fd4-9d32-72f8be62d8d3","gpioa":0,"gpiob":0,"gpioc":32768,"gpiod":6712,"gpioe":5392,"modeltime":0,"type":"gpio"}
,[6.4.2022 | 18:24:5] {"client-id":"00b052d5-0193-4fd4-9d32-72f8be62d8d3","gpioa":0,"gpiob":0,"gpioc":32768,"gpiod":6712,"gpioe":5392,"modeltime":0,"type":"gpio"}
,[6.4.2022 | 18:24:5] {"client-id":"00b052d5-0193-4fd4-9d32-72f8be62d8d3","gpioa":0,"gpiob":0,"gpioc":32768,"gpiod":6712,"gpioe":5392,"modeltime":0,"type":"gpio"}
,[6.4.2022 | 18:24:5] {"client-id":"00b052d5-0193-4fd4-9d32-72f8be62d8d3","gpioa":0,"gpiob":0,"gpioc":32768,"gpiod":6712,"gpioe":5392,"modeltime":0,"type":"gpio"}
,[6.4.2022 | 18:24:5] {"client-id":"00b052d5-0193-4fd4-9d32-72f8be62d8d3","gpioa":0,"gpiob":0,"gpioc":32768,"gpiod":6712,"gpioe":5392,"modeltime":0,"type":"gpio"}
,[6.4.2022 | 18:24:5] {"client-id":"00b052d5-0193-4fd4-9d32-72f8be62d8d3","gpioa":0,"gpiob":0,"gpioc":32768,"gpiod":6712,"gpioe":5392,"modeltime":0,"type":"gpio"}
,[6.4.2022 | 18:24:5] {"client-id":"00b052d5-0193-4fd4-9d32-72f8be62d8d3","gpioa":0,"gpiob":0,"gpioc":32768,"gpiod":6712,"gpioe":5392,"modeltime":0,"type":"gpio"}
,[6.4.2022 | 18:24:5] {"client-id":"00b052d5-0193-4fd4-9d32-72f8be62d8d3","gpioa":0,"gpiob":0,"gpioc":32768,"gpiod":6712,"gpioe":5392,"modeltime":0,"type":"gpio"}
,[6.4.2022 | 18:24:6] {"client-id":"00b052d5-0193-4fd4-9d32-72f8be62d8d3","gpioa":0,"gpiob":0,"gpioc":32768,"gpiod":6712,"gpioe":5392,"modeltime":0,"type":"gpio"}
,[6.4.2022 | 18:24:6] {"client-id":"00b052d5-0193-4fd4-9d32-72f8be62d8d3","gpioa":0,"gpiob":0,"gpioc":32768,"gpiod":6712,"gpioe":5392,"modeltime":0,"type":"gpio"}
,[6.4.2022 | 18:24:6] {"client-id":"00b052d5-0193-4fd4-9d32-72f8be62d8d3","gpioa":0,"gpiob":0,"gpioc":32768,"gpiod":6712,"gpioe":5392,"modeltime":0,"type":"gpio"}
,[6.4.2022 | 18:24:6] {"client-id":"00b052d5-0193-4fd4-9d32-72f8be62d8d3","gpioa":0,"gpiob":0,"gpioc":32768,"gpiod":6712,"gpioe":5392,"modeltime":0,"type":"gpio"}
,[6.4.2022 | 18:24:6] {"client-id":"00b052d5-0193-4fd4-9d32-72f8be62d8d3","gpioa":0,"gpiob":0,"gpioc":32768,"gpiod":6168,"gpioe":5392,"modeltime":0,"type":"gpio"}
,[6.4.2022 | 18:24:6] {"client-id":"00b052d5-0193-4fd4-9d32-72f8be62d8d3","gpioa":0,"gpiob":0,"gpioc":32768,"gpiod":6168,"gpioe":5392,"modeltime":0,"type":"gpio"}
,[6.4.2022 | 18:24:6] {"client-id":"00b052d5-0193-4fd4-9d32-72f8be62d8d3","gpioa":0,"gpiob":0,"gpioc":32768,"gpiod":6168,"gpioe":1296,"modeltime":0,"type":"gpio"}
,[6.4.2022 | 18:24:6] {"client-id":"00b052d5-0193-4fd4-9d32-72f8be62d8d3","gpioa":0,"gpiob":0,"gpioc":32768,"gpiod":6168,"gpioe":1296,"modeltime":0,"type":"gpio"}
,[6.4.2022 | 18:24:6] {"client-id":"00b052d5-0193-4fd4-9d32-72f8be62d8d3","gpioa":0,"gpiob":0,"gpioc":32768,"gpiod":6168,"gpioe":1296,"modeltime":0,"type":"gpio"}
,[6.4.2022 | 18:24:6] {"client-id":"00b052d5-0193-4fd4-9d32-72f8be62d8d3","gpioa":0,"gpiob":0,"gpioc":32768,"gpiod":6168,"gpioe":1296,"modeltime":0,"type":"gpio"}
,[6.4.2022 | 18:24:7] {"client-id":"00b052d5-0193-4fd4-9d32-72f8be62d8d3","gpioa":0,"gpiob":0,"gpioc":32768,"gpiod":6168,"gpioe":1296,"modeltime":0,"type":"gpio"}
,[6.4.2022 | 18:24:7] {"client-id":"00b052d5-0193-4fd4-9d32-72f8be62d8d3","gpioa":0,"gpiob":0,"gpioc":32768,"gpiod":6168,"gpioe":1296,"modeltime":0,"type":"gpio"}
,[6.4.2022 | 18:24:7] {"client-id":"00b052d5-0193-4fd4-9d32-72f8be62d8d3","gpioa":0,"gpiob":0,"gpioc":32768,"gpiod":6168,"gpioe":1296,"modeltime":0,"type":"gpio"}
,[6.4.2022 | 18:24:7] {"client-id":"00b052d5-0193-4fd4-9d32-72f8be62d8d3","gpioa":0,"gpiob":0,"gpioc":32768,"gpiod":6168,"gpioe":1296,"modeltime":0,"type":"gpio"}
,[6.4.2022 | 18:24:7] {"client-id":"00b052d5-0193-4fd4-9d32-72f8be62d8d3","gpioa":0,"gpiob":0,"gpioc":32768,"gpiod":6168,"gpioe":1296,"modeltime":0,"type":"gpio"}
,[6.4.2022 | 18:24:7] {"client-id":"00b052d5-0193-4fd4-9d32-72f8be62d8d3","gpioa":0,"gpiob":0,"gpioc":32768,"gpiod":6168,"gpioe":1296,"modeltime":0,"type":"gpio"}
,[6.4.2022 | 18:24:7] {"client-id":"00b052d5-0193-4fd4-9d32-72f8be62d8d3","gpioa":0,"gpiob":0,"gpioc":32768,"gpiod":6168,"gpioe":1296,"modeltime":0,"type":"gpio"}
,[6.4.2022 | 18:24:7] {"client-id":"00b052d5-0193-4fd4-9d32-72f8be62d8d3","gpioa":0,"gpiob":0,"gpioc":32768,"gpiod":6168,"gpioe":1296,"modeltime":0,"type":"gpio"}
,[6.4.2022 | 18:24:7] {"client-id":"00b052d5-0193-4fd4-9d32-72f8be62d8d3","gpioa":0,"gpiob":0,"gpioc":32768,"gpiod":6168,"gpioe":1296,"modeltime":0,"type":"gpio"}
,[6.4.2022 | 18:24:7] {"client-id":"00b052d5-0193-4fd4-9d32-72f8be62d8d3","gpioa":0,"gpiob":0,"gpioc":32768,"gpiod":4104,"gpioe":1296,"modeltime":0,"type":"gpio"}
,[6.4.2022 | 18:24:8] {"client-id":"00b052d5-0193-4fd4-9d32-72f8be62d8d3","gpioa":0,"gpiob":0,"gpioc":32768,"gpiod":4104,"gpioe":1296,"modeltime":0,"type":"gpio"}
,[6.4.2022 | 18:24:8] {"client-id":"00b052d5-0193-4fd4-9d32-72f8be62d8d3","gpioa":0,"gpiob":0,"gpioc":32768,"gpiod":4104,"gpioe":1296,"modeltime":0,"type":"gpio"}
,[6.4.2022 | 18:24:8] {"client-id":"00b052d5-0193-4fd4-9d32-72f8be62d8d3","gpioa":0,"gpiob":0,"gpioc":32768,"gpiod":4104,"gpioe":1296,"modeltime":0,"type":"gpio"}
,[6.4.2022 | 18:24:8] {"client-id":"00b052d5-0193-4fd4-9d32-72f8be62d8d3","gpioa":0,"gpiob":0,"gpioc":32768,"gpiod":4104,"gpioe":1296,"modeltime":0,"type":"gpio"}
,[6.4.2022 | 18:24:8] {"client-id":"00b052d5-0193-4fd4-9d32-72f8be62d8d3","gpioa":0,"gpiob":0,"gpioc":32768,"gpiod":4104,"gpioe":1040,"modeltime":0,"type":"gpio"}
,[6.4.2022 | 18:24:8] {"client-id":"00b052d5-0193-4fd4-9d32-72f8be62d8d3","gpioa":0,"gpiob":0,"gpioc":32768,"gpiod":4104,"gpioe":1040,"modeltime":0,"type":"gpio"}
,[6.4.2022 | 18:24:8] {"client-id":"00b052d5-0193-4fd4-9d32-72f8be62d8d3","gpioa":0,"gpiob":0,"gpioc":32768,"gpiod":4104,"gpioe":1040,"modeltime":0,"type":"gpio"}
,[6.4.2022 | 18:24:8] {"client-id":"00b052d5-0193-4fd4-9d32-72f8be62d8d3","gpioa":0,"gpiob":0,"gpioc":32768,"gpiod":4104,"gpioe":1040,"modeltime":0,"type":"gpio"}
,[6.4.2022 | 18:24:8] {"client-id":"00b052d5-0193-4fd4-9d32-72f8be62d8d3","gpioa":0,"gpiob":0,"gpioc":32768,"gpiod":4104,"gpioe":1040,"modeltime":0,"type":"gpio"}
,[6.4.2022 | 18:24:8] {"client-id":"00b052d5-0193-4fd4-9d32-72f8be62d8d3","gpioa":0,"gpiob":0,"gpioc":32768,"gpiod":4104,"gpioe":1040,"modeltime":0,"type":"gpio"}
,[6.4.2022 | 18:24:9] {"client-id":"00b052d5-0193-4fd4-9d32-72f8be62d8d3","gpioa":0,"gpiob":0,"gpioc":32768,"gpiod":0,"gpioe":1040,"modeltime":0,"type":"gpio"}
,[6.4.2022 | 18:24:9] {"client-id":"00b052d5-0193-4fd4-9d32-72f8be62d8d3","gpioa":0,"gpiob":0,"gpioc":32768,"gpiod":0,"gpioe":1040,"modeltime":0,"type":"gpio"}
,[6.4.2022 | 18:24:9] {"client-id":"00b052d5-0193-4fd4-9d32-72f8be62d8d3","gpioa":0,"gpiob":0,"gpioc":32768,"gpiod":0,"gpioe":1040,"modeltime":0,"type":"gpio"}
,[6.4.2022 | 18:24:9] {"client-id":"00b052d5-0193-4fd4-9d32-72f8be62d8d3","gpioa":0,"gpiob":0,"gpioc":32768,"gpiod":0,"gpioe":1040,"modeltime":0,"type":"gpio"}
,[6.4.2022 | 18:24:9] {"client-id":"00b052d5-0193-4fd4-9d32-72f8be62d8d3","gpioa":0,"gpiob":0,"gpioc":32768,"gpiod":0,"gpioe":1040,"modeltime":0,"type":"gpio"}
,[6.4.2022 | 18:24:9] {"client-id":"00b052d5-0193-4fd4-9d32-72f8be62d8d3","gpioa":0,"gpiob":0,"gpioc":32768,"gpiod":0,"gpioe":1040,"modeltime":0,"type":"gpio"}
,[6.4.2022 | 18:24:9] {"client-id":"00b052d5-0193-4fd4-9d32-72f8be62d8d3","gpioa":0,"gpiob":0,"gpioc":32768,"gpiod":0,"gpioe":1040,"modeltime":0,"type":"gpio"}
,[6.4.2022 | 18:24:9] {"client-id":"00b052d5-0193-4fd4-9d32-72f8be62d8d3","gpioa":0,"gpiob":0,"gpioc":32768,"gpiod":0,"gpioe":1040,"modeltime":0,"type":"gpio"}
,[6.4.2022 | 18:24:9] {"client-id":"00b052d5-0193-4fd4-9d32-72f8be62d8d3","gpioa":0,"gpiob":0,"gpioc":32768,"gpiod":0,"gpioe":1040,"modeltime":0,"type":"gpio"}
,[6.4.2022 | 18:24:9] {"client-id":"00b052d5-0193-4fd4-9d32-72f8be62d8d3","gpioa":0,"gpiob":0,"gpioc":32768,"gpiod":0,"gpioe":1040,"modeltime":0,"type":"gpio"}
,[6.4.2022 | 18:24:10] {"client-id":"00b052d5-0193-4fd4-9d32-72f8be62d8d3","gpioa":0,"gpiob":0,"gpioc":32768,"gpiod":0,"gpioe":1040,"modeltime":0,"type":"gpio"}
,[6.4.2022 | 18:24:10] {"client-id":"00b052d5-0193-4fd4-9d32-72f8be62d8d3","gpioa":0,"gpiob":0,"gpioc":32768,"gpiod":0,"gpioe":1040,"modeltime":0,"type":"gpio"}
,[6.4.2022 | 18:24:10] {"client-id":"00b052d5-0193-4fd4-9d32-72f8be62d8d3","gpioa":0,"gpiob":0,"gpioc":32768,"gpiod":4104,"gpioe":1040,"modeltime":0,"type":"gpio"}
,[6.4.2022 | 18:24:10] {"client-id":"00b052d5-0193-4fd4-9d32-72f8be62d8d3","gpioa":0,"gpiob":0,"gpioc":32768,"gpiod":4104,"gpioe":1040,"modeltime":0,"type":"gpio"}
,[6.4.2022 | 18:24:10] {"client-id":"00b052d5-0193-4fd4-9d32-72f8be62d8d3","gpioa":0,"gpiob":0,"gpioc":32768,"gpiod":4104,"gpioe":1040,"modeltime":0,"type":"gpio"}
,[6.4.2022 | 18:24:10] {"client-id":"00b052d5-0193-4fd4-9d32-72f8be62d8d3","gpioa":0,"gpiob":0,"gpioc":32768,"gpiod":4104,"gpioe":1040,"modeltime":0,"type":"gpio"}
,[6.4.2022 | 18:24:10] {"client-id":"00b052d5-0193-4fd4-9d32-72f8be62d8d3","gpioa":0,"gpiob":0,"gpioc":32768,"gpiod":4104,"gpioe":1040,"modeltime":0,"type":"gpio"}
,[6.4.2022 | 18:24:10] {"client-id":"00b052d5-0193-4fd4-9d32-72f8be62d8d3","gpioa":0,"gpiob":0,"gpioc":32768,"gpiod":4104,"gpioe":1040,"modeltime":0,"type":"gpio"}
,[6.4.2022 | 18:24:10] {"client-id":"00b052d5-0193-4fd4-9d32-72f8be62d8d3","gpioa":0,"gpiob":0,"gpioc":32768,"gpiod":4104,"gpioe":1040,"modeltime":0,"type":"gpio"}
,[6.4.2022 | 18:24:10] {"client-id":"00b052d5-0193-4fd4-9d32-72f8be62d8d3","gpioa":0,"gpiob":0,"gpioc":32768,"gpiod":4104,"gpioe":1040,"modeltime":0,"type":"gpio"}
,[6.4.2022 | 18:24:11] {"client-id":"00b052d5-0193-4fd4-9d32-72f8be62d8d3","gpioa":0,"gpiob":0,"gpioc":32768,"gpiod":4104,"gpioe":1040,"modeltime":0,"type":"gpio"}
,[6.4.2022 | 18:24:11] {"client-id":"00b052d5-0193-4fd4-9d32-72f8be62d8d3","gpioa":0,"gpiob":0,"gpioc":32768,"gpiod":4104,"gpioe":1040,"modeltime":0,"type":"gpio"}
,[6.4.2022 | 18:24:11] {"client-id":"00b052d5-0193-4fd4-9d32-72f8be62d8d3","gpioa":0,"gpiob":0,"gpioc":32768,"gpiod":4104,"gpioe":1040,"modeltime":0,"type":"gpio"}
,[6.4.2022 | 18:24:11] {"client-id":"00b052d5-0193-4fd4-9d32-72f8be62d8d3","gpioa":0,"gpiob":0,"gpioc":32768,"gpiod":6168,"gpioe":1040,"modeltime":0,"type":"gpio"}
,[6.4.2022 | 18:24:11] {"client-id":"00b052d5-0193-4fd4-9d32-72f8be62d8d3","gpioa":0,"gpiob":0,"gpioc":32768,"gpiod":6168,"gpioe":1040,"modeltime":0,"type":"gpio"}
,[6.4.2022 | 18:24:11] {"client-id":"00b052d5-0193-4fd4-9d32-72f8be62d8d3","gpioa":0,"gpiob":0,"gpioc":32768,"gpiod":6168,"gpioe":1040,"modeltime":0,"type":"gpio"}
,[6.4.2022 | 18:24:11] {"client-id":"00b052d5-0193-4fd4-9d32-72f8be62d8d3","gpioa":0,"gpiob":0,"gpioc":32768,"gpiod":6168,"gpioe":16,"modeltime":0,"type":"gpio"}
,[6.4.2022 | 18:24:11] {"client-id":"00b052d5-0193-4fd4-9d32-72f8be62d8d3","gpioa":0,"gpiob":0,"gpioc":32768,"gpiod":6168,"gpioe":16,"modeltime":0,"type":"gpio"}
,[6.4.2022 | 18:24:11] {"client-id":"00b052d5-0193-4fd4-9d32-72f8be62d8d3","gpioa":0,"gpiob":0,"gpioc":32768,"gpiod":6168,"gpioe":16,"modeltime":0,"type":"gpio"}
,[6.4.2022 | 18:24:11] {"client-id":"00b052d5-0193-4fd4-9d32-72f8be62d8d3","gpioa":0,"gpiob":0,"gpioc":32768,"gpiod":6168,"gpioe":16,"modeltime":0,"type":"gpio"}
,[6.4.2022 | 18:24:12] {"client-id":"00b052d5-0193-4fd4-9d32-72f8be62d8d3","gpioa":0,"gpiob":0,"gpioc":32768,"gpiod":6168,"gpioe":16,"modeltime":0,"type":"gpio"}
,[6.4.2022 | 18:24:12] {"client-id":"00b052d5-0193-4fd4-9d32-72f8be62d8d3","gpioa":0,"gpiob":0,"gpioc":32768,"gpiod":6168,"gpioe":16,"modeltime":0,"type":"gpio"}
,[6.4.2022 | 18:24:12] {"client-id":"00b052d5-0193-4fd4-9d32-72f8be62d8d3","gpioa":0,"gpiob":0,"gpioc":32768,"gpiod":6712,"gpioe":16,"modeltime":0,"type":"gpio"}
,[6.4.2022 | 18:24:12] {"client-id":"00b052d5-0193-4fd4-9d32-72f8be62d8d3","gpioa":0,"gpiob":0,"gpioc":32768,"gpiod":6712,"gpioe":16,"modeltime":0,"type":"gpio"}
,[6.4.2022 | 18:24:12] {"client-id":"00b052d5-0193-4fd4-9d32-72f8be62d8d3","gpioa":0,"gpiob":0,"gpioc":32768,"gpiod":6712,"gpioe":16,"modeltime":0,"type":"gpio"}
,[6.4.2022 | 18:24:12] {"client-id":"00b052d5-0193-4fd4-9d32-72f8be62d8d3","gpioa":0,"gpiob":0,"gpioc":32768,"gpiod":6712,"gpioe":16,"modeltime":0,"type":"gpio"}
,[6.4.2022 | 18:24:12] {"client-id":"00b052d5-0193-4fd4-9d32-72f8be62d8d3","gpioa":0,"gpiob":0,"gpioc":32768,"gpiod":6712,"gpioe":16,"modeltime":0,"type":"gpio"}
,[6.4.2022 | 18:24:12] {"client-id":"00b052d5-0193-4fd4-9d32-72f8be62d8d3","gpioa":0,"gpiob":0,"gpioc":32768,"gpiod":6712,"gpioe":16,"modeltime":0,"type":"gpio"}
,[6.4.2022 | 18:24:12] {"client-id":"00b052d5-0193-4fd4-9d32-72f8be62d8d3","gpioa":0,"gpiob":0,"gpioc":32768,"gpiod":6712,"gpioe":16,"modeltime":0,"type":"gpio"}
,[6.4.2022 | 18:24:12] {"client-id":"00b052d5-0193-4fd4-9d32-72f8be62d8d3","gpioa":0,"gpiob":0,"gpioc":32768,"gpiod":6712,"gpioe":16,"modeltime":0,"type":"gpio"}
,[6.4.2022 | 18:24:13] {"client-id":"00b052d5-0193-4fd4-9d32-72f8be62d8d3","gpioa":0,"gpiob":0,"gpioc":32768,"gpiod":7032,"gpioe":16,"modeltime":0,"type":"gpio"}
,[6.4.2022 | 18:24:13] {"client-id":"00b052d5-0193-4fd4-9d32-72f8be62d8d3","gpioa":0,"gpiob":0,"gpioc":32768,"gpiod":7032,"gpioe":16,"modeltime":0,"type":"gpio"}
,[6.4.2022 | 18:24:13] {"client-id":"00b052d5-0193-4fd4-9d32-72f8be62d8d3","gpioa":0,"gpiob":0,"gpioc":32768,"gpiod":7032,"gpioe":16,"modeltime":0,"type":"gpio"}
,[6.4.2022 | 18:24:13] {"client-id":"00b052d5-0193-4fd4-9d32-72f8be62d8d3","gpioa":0,"gpiob":0,"gpioc":32768,"gpiod":7032,"gpioe":16,"modeltime":0,"type":"gpio"}
,[6.4.2022 | 18:24:13] {"client-id":"00b052d5-0193-4fd4-9d32-72f8be62d8d3","gpioa":0,"gpiob":0,"gpioc":32768,"gpiod":7032,"gpioe":16,"modeltime":0,"type":"gpio"}
,[6.4.2022 | 18:24:13] {"client-id":"00b052d5-0193-4fd4-9d32-72f8be62d8d3","gpioa":0,"gpiob":0,"gpioc":32768,"gpiod":7032,"gpioe":16,"modeltime":0,"type":"gpio"}
,[6.4.2022 | 18:24:13] {"client-id":"00b052d5-0193-4fd4-9d32-72f8be62d8d3","gpioa":0,"gpiob":0,"gpioc":32768,"gpiod":7032,"gpioe":16,"modeltime":0,"type":"gpio"}
,[6.4.2022 | 18:24:13] {"client-id":"00b052d5-0193-4fd4-9d32-72f8be62d8d3","gpioa":0,"gpiob":0,"gpioc":32768,"gpiod":7032,"gpioe":16,"modeltime":0,"type":"gpio"}
,[6.4.2022 | 18:24:13] {"client-id":"00b052d5-0193-4fd4-9d32-72f8be62d8d3","gpioa":0,"gpiob":0,"gpioc":32768,"gpiod":7032,"gpioe":16,"modeltime":0,"type":"gpio"}
,[6.4.2022 | 18:24:13] {"client-id":"00b052d5-0193-4fd4-9d32-72f8be62d8d3","gpioa":0,"gpiob":0,"gpioc":32768,"gpiod":6712,"gpioe":16,"modeltime":0,"type":"gpio"}
,[6.4.2022 | 18:24:14] {"client-id":"00b052d5-0193-4fd4-9d32-72f8be62d8d3","gpioa":0,"gpiob":0,"gpioc":32768,"gpiod":6712,"gpioe":16,"modeltime":0,"type":"gpio"}
,[6.4.2022 | 18:24:14] {"client-id":"00b052d5-0193-4fd4-9d32-72f8be62d8d3","gpioa":0,"gpiob":0,"gpioc":32768,"gpiod":6712,"gpioe":16,"modeltime":0,"type":"gpio"}
,[6.4.2022 | 18:24:14] {"client-id":"00b052d5-0193-4fd4-9d32-72f8be62d8d3","gpioa":0,"gpiob":0,"gpioc":32768,"gpiod":6712,"gpioe":16,"modeltime":0,"type":"gpio"}
,[6.4.2022 | 18:24:14] {"client-id":"00b052d5-0193-4fd4-9d32-72f8be62d8d3","gpioa":0,"gpiob":0,"gpioc":32768,"gpiod":6712,"gpioe":16,"modeltime":0,"type":"gpio"}
,[6.4.2022 | 18:24:14] {"client-id":"00b052d5-0193-4fd4-9d32-72f8be62d8d3","gpioa":0,"gpiob":0,"gpioc":32768,"gpiod":6168,"gpioe":0,"modeltime":0,"type":"gpio"}
,[6.4.2022 | 18:24:14] {"client-id":"00b052d5-0193-4fd4-9d32-72f8be62d8d3","gpioa":0,"gpiob":0,"gpioc":32768,"gpiod":6168,"gpioe":0,"modeltime":0,"type":"gpio"}
,[6.4.2022 | 18:24:14] {"client-id":"00b052d5-0193-4fd4-9d32-72f8be62d8d3","gpioa":0,"gpiob":0,"gpioc":32768,"gpiod":6168,"gpioe":0,"modeltime":0,"type":"gpio"}
,[6.4.2022 | 18:24:14] {"client-id":"00b052d5-0193-4fd4-9d32-72f8be62d8d3","gpioa":0,"gpiob":0,"gpioc":32768,"gpiod":6168,"gpioe":0,"modeltime":0,"type":"gpio"}
,[6.4.2022 | 18:24:14] {"client-id":"00b052d5-0193-4fd4-9d32-72f8be62d8d3","gpioa":0,"gpiob":0,"gpioc":32768,"gpiod":6168,"gpioe":0,"modeltime":0,"type":"gpio"}
,[6.4.2022 | 18:24:14] {"client-id":"00b052d5-0193-4fd4-9d32-72f8be62d8d3","gpioa":0,"gpiob":0,"gpioc":32768,"gpiod":4104,"gpioe":0,"modeltime":0,"type":"gpio"}
,[6.4.2022 | 18:24:15] {"client-id":"00b052d5-0193-4fd4-9d32-72f8be62d8d3","gpioa":0,"gpiob":0,"gpioc":32768,"gpiod":4104,"gpioe":0,"modeltime":0,"type":"gpio"}
,[6.4.2022 | 18:24:15] {"client-id":"00b052d5-0193-4fd4-9d32-72f8be62d8d3","gpioa":0,"gpiob":0,"gpioc":32768,"gpiod":4104,"gpioe":0,"modeltime":0,"type":"gpio"}
,[6.4.2022 | 18:24:15] {"client-id":"00b052d5-0193-4fd4-9d32-72f8be62d8d3","gpioa":0,"gpiob":0,"gpioc":32768,"gpiod":4104,"gpioe":0,"modeltime":0,"type":"gpio"}
,[6.4.2022 | 18:24:15] {"client-id":"00b052d5-0193-4fd4-9d32-72f8be62d8d3","gpioa":0,"gpiob":0,"gpioc":32768,"gpiod":0,"gpioe":0,"modeltime":0,"type":"gpio"}
,[6.4.2022 | 18:24:15] {"client-id":"00b052d5-0193-4fd4-9d32-72f8be62d8d3","gpioa":0,"gpiob":0,"gpioc":32768,"gpiod":0,"gpioe":0,"modeltime":0,"type":"gpio"}
,[6.4.2022 | 18:24:15] {"client-id":"00b052d5-0193-4fd4-9d32-72f8be62d8d3","gpioa":0,"gpiob":0,"gpioc":32768,"gpiod":0,"gpioe":0,"modeltime":0,"type":"gpio"}
,[6.4.2022 | 18:24:15] {"client-id":"00b052d5-0193-4fd4-9d32-72f8be62d8d3","gpioa":0,"gpiob":0,"gpioc":32768,"gpiod":0,"gpioe":0,"modeltime":0,"type":"gpio"}
,[6.4.2022 | 18:24:15] {"client-id":"00b052d5-0193-4fd4-9d32-72f8be62d8d3","gpioa":0,"gpiob":0,"gpioc":32768,"gpiod":0,"gpioe":0,"modeltime":0,"type":"gpio"}
,[6.4.2022 | 18:24:15] {"client-id":"00b052d5-0193-4fd4-9d32-72f8be62d8d3","gpioa":0,"gpiob":0,"gpioc":32768,"gpiod":4104,"gpioe":0,"modeltime":0,"type":"gpio"}
,[6.4.2022 | 18:24:15] {"client-id":"00b052d5-0193-4fd4-9d32-72f8be62d8d3","gpioa":0,"gpiob":0,"gpioc":32768,"gpiod":4104,"gpioe":0,"modeltime":0,"type":"gpio"}
,[6.4.2022 | 18:24:16] {"client-id":"00b052d5-0193-4fd4-9d32-72f8be62d8d3","gpioa":0,"gpiob":0,"gpioc":32768,"gpiod":4104,"gpioe":0,"modeltime":0,"type":"gpio"}
,[6.4.2022 | 18:24:16] {"client-id":"00b052d5-0193-4fd4-9d32-72f8be62d8d3","gpioa":0,"gpiob":0,"gpioc":32768,"gpiod":4104,"gpioe":0,"modeltime":0,"type":"gpio"}
,[6.4.2022 | 18:24:16] {"client-id":"00b052d5-0193-4fd4-9d32-72f8be62d8d3","gpioa":0,"gpiob":0,"gpioc":32768,"gpiod":4104,"gpioe":0,"modeltime":0,"type":"gpio"}
,[6.4.2022 | 18:24:16] {"client-id":"00b052d5-0193-4fd4-9d32-72f8be62d8d3","gpioa":0,"gpiob":0,"gpioc":32768,"gpiod":4104,"gpioe":256,"modeltime":0,"type":"gpio"}
,[6.4.2022 | 18:24:16] {"client-id":"00b052d5-0193-4fd4-9d32-72f8be62d8d3","gpioa":0,"gpiob":0,"gpioc":32768,"gpiod":4104,"gpioe":256,"modeltime":0,"type":"gpio"}
,[6.4.2022 | 18:24:16] {"client-id":"00b052d5-0193-4fd4-9d32-72f8be62d8d3","gpioa":0,"gpiob":0,"gpioc":32768,"gpiod":4104,"gpioe":256,"modeltime":0,"type":"gpio"}
,[6.4.2022 | 18:24:16] {"client-id":"00b052d5-0193-4fd4-9d32-72f8be62d8d3","gpioa":0,"gpiob":0,"gpioc":32768,"gpiod":4104,"gpioe":256,"modeltime":0,"type":"gpio"}
,[6.4.2022 | 18:24:16] {"client-id":"00b052d5-0193-4fd4-9d32-72f8be62d8d3","gpioa":0,"gpiob":0,"gpioc":32768,"gpiod":6168,"gpioe":256,"modeltime":0,"type":"gpio"}
,[6.4.2022 | 18:24:16] {"client-id":"00b052d5-0193-4fd4-9d32-72f8be62d8d3","gpioa":0,"gpiob":0,"gpioc":32768,"gpiod":6168,"gpioe":256,"modeltime":0,"type":"gpio"}
,[6.4.2022 | 18:24:16] {"client-id":"00b052d5-0193-4fd4-9d32-72f8be62d8d3","gpioa":0,"gpiob":0,"gpioc":32768,"gpiod":6168,"gpioe":256,"modeltime":0,"type":"gpio"}
,[6.4.2022 | 18:24:17] {"client-id":"00b052d5-0193-4fd4-9d32-72f8be62d8d3","gpioa":0,"gpiob":0,"gpioc":32768,"gpiod":6168,"gpioe":256,"modeltime":0,"type":"gpio"}
,[6.4.2022 | 18:24:17] {"client-id":"00b052d5-0193-4fd4-9d32-72f8be62d8d3","gpioa":0,"gpiob":0,"gpioc":32768,"gpiod":6168,"gpioe":256,"modeltime":0,"type":"gpio"}
,[6.4.2022 | 18:24:17] {"client-id":"00b052d5-0193-4fd4-9d32-72f8be62d8d3","gpioa":0,"gpiob":0,"gpioc":32768,"gpiod":6168,"gpioe":256,"modeltime":0,"type":"gpio"}
,[6.4.2022 | 18:24:17] {"client-id":"00b052d5-0193-4fd4-9d32-72f8be62d8d3","gpioa":0,"gpiob":0,"gpioc":32768,"gpiod":6168,"gpioe":256,"modeltime":0,"type":"gpio"}
,[6.4.2022 | 18:24:17] {"client-id":"00b052d5-0193-4fd4-9d32-72f8be62d8d3","gpioa":0,"gpiob":0,"gpioc":32768,"gpiod":6712,"gpioe":256,"modeltime":0,"type":"gpio"}
,[6.4.2022 | 18:24:17] {"client-id":"00b052d5-0193-4fd4-9d32-72f8be62d8d3","gpioa":0,"gpiob":0,"gpioc":32768,"gpiod":6712,"gpioe":256,"modeltime":0,"type":"gpio"}
,[6.4.2022 | 18:24:17] {"client-id":"00b052d5-0193-4fd4-9d32-72f8be62d8d3","gpioa":0,"gpiob":0,"gpioc":32768,"gpiod":6712,"gpioe":256,"modeltime":0,"type":"gpio"}
,[6.4.2022 | 18:24:17] {"client-id":"00b052d5-0193-4fd4-9d32-72f8be62d8d3","gpioa":0,"gpiob":0,"gpioc":32768,"gpiod":6712,"gpioe":256,"modeltime":0,"type":"gpio"}
,[6.4.2022 | 18:24:17] {"client-id":"00b052d5-0193-4fd4-9d32-72f8be62d8d3","gpioa":0,"gpiob":0,"gpioc":32768,"gpiod":6712,"gpioe":256,"modeltime":0,"type":"gpio"}
,[6.4.2022 | 18:24:17] {"client-id":"00b052d5-0193-4fd4-9d32-72f8be62d8d3","gpioa":0,"gpiob":0,"gpioc":32768,"gpiod":6712,"gpioe":256,"modeltime":0,"type":"gpio"}
,[6.4.2022 | 18:24:18] {"client-id":"00b052d5-0193-4fd4-9d32-72f8be62d8d3","gpioa":0,"gpiob":0,"gpioc":32768,"gpiod":6712,"gpioe":4352,"modeltime":0,"type":"gpio"}
,[6.4.2022 | 18:24:18] {"client-id":"00b052d5-0193-4fd4-9d32-72f8be62d8d3","gpioa":0,"gpiob":0,"gpioc":32768,"gpiod":6712,"gpioe":4352,"modeltime":0,"type":"gpio"}
,[6.4.2022 | 18:24:18] {"client-id":"00b052d5-0193-4fd4-9d32-72f8be62d8d3","gpioa":0,"gpiob":0,"gpioc":32768,"gpiod":6712,"gpioe":4352,"modeltime":0,"type":"gpio"}
,[6.4.2022 | 18:24:18] {"client-id":"00b052d5-0193-4fd4-9d32-72f8be62d8d3","gpioa":0,"gpiob":0,"gpioc":32768,"gpiod":7032,"gpioe":4352,"modeltime":0,"type":"gpio"}
,[6.4.2022 | 18:24:18] {"client-id":"00b052d5-0193-4fd4-9d32-72f8be62d8d3","gpioa":0,"gpiob":0,"gpioc":32768,"gpiod":7032,"gpioe":4352,"modeltime":0,"type":"gpio"}
,[6.4.2022 | 18:24:18] {"client-id":"00b052d5-0193-4fd4-9d32-72f8be62d8d3","gpioa":0,"gpiob":0,"gpioc":32768,"gpiod":7032,"gpioe":4352,"modeltime":0,"type":"gpio"}
,[6.4.2022 | 18:24:18] {"client-id":"00b052d5-0193-4fd4-9d32-72f8be62d8d3","gpioa":0,"gpiob":0,"gpioc":32768,"gpiod":7032,"gpioe":4352,"modeltime":0,"type":"gpio"}
,[6.4.2022 | 18:24:18] {"client-id":"00b052d5-0193-4fd4-9d32-72f8be62d8d3","gpioa":0,"gpiob":0,"gpioc":32768,"gpiod":7032,"gpioe":4352,"modeltime":0,"type":"gpio"}
,[6.4.2022 | 18:24:18] {"client-id":"00b052d5-0193-4fd4-9d32-72f8be62d8d3","gpioa":0,"gpiob":0,"gpioc":32768,"gpiod":7032,"gpioe":4352,"modeltime":0,"type":"gpio"}
,[6.4.2022 | 18:24:18] {"client-id":"00b052d5-0193-4fd4-9d32-72f8be62d8d3","gpioa":0,"gpiob":0,"gpioc":32768,"gpiod":7032,"gpioe":4352,"modeltime":0,"type":"gpio"}
,[6.4.2022 | 18:24:19] {"client-id":"00b052d5-0193-4fd4-9d32-72f8be62d8d3","gpioa":0,"gpiob":0,"gpioc":32768,"gpiod":7032,"gpioe":4352,"modeltime":0,"type":"gpio"}
,[6.4.2022 | 18:24:19] {"client-id":"00b052d5-0193-4fd4-9d32-72f8be62d8d3","gpioa":0,"gpiob":0,"gpioc":32768,"gpiod":7032,"gpioe":4352,"modeltime":0,"type":"gpio"}
,[6.4.2022 | 18:24:19] {"client-id":"00b052d5-0193-4fd4-9d32-72f8be62d8d3","gpioa":0,"gpiob":0,"gpioc":32768,"gpiod":7032,"gpioe":4352,"modeltime":0,"type":"gpio"}
,[6.4.2022 | 18:24:19] {"client-id":"00b052d5-0193-4fd4-9d32-72f8be62d8d3","gpioa":0,"gpiob":0,"gpioc":32768,"gpiod":6712,"gpioe":4352,"modeltime":0,"type":"gpio"}
,[6.4.2022 | 18:24:19] {"client-id":"00b052d5-0193-4fd4-9d32-72f8be62d8d3","gpioa":0,"gpiob":0,"gpioc":32768,"gpiod":6712,"gpioe":4352,"modeltime":0,"type":"gpio"}
,[6.4.2022 | 18:24:19] {"client-id":"00b052d5-0193-4fd4-9d32-72f8be62d8d3","gpioa":0,"gpiob":0,"gpioc":32768,"gpiod":6712,"gpioe":4352,"modeltime":0,"type":"gpio"}
,[6.4.2022 | 18:24:19] {"client-id":"00b052d5-0193-4fd4-9d32-72f8be62d8d3","gpioa":0,"gpiob":0,"gpioc":32768,"gpiod":6712,"gpioe":4352,"modeltime":0,"type":"gpio"}
,[6.4.2022 | 18:24:19] {"client-id":"00b052d5-0193-4fd4-9d32-72f8be62d8d3","gpioa":0,"gpiob":0,"gpioc":32768,"gpiod":6712,"gpioe":4352,"modeltime":0,"type":"gpio"}
,[6.4.2022 | 18:24:19] {"client-id":"00b052d5-0193-4fd4-9d32-72f8be62d8d3","gpioa":0,"gpiob":0,"gpioc":32768,"gpiod":6712,"gpioe":4352,"modeltime":0,"type":"gpio"}
,[6.4.2022 | 18:24:19] {"client-id":"00b052d5-0193-4fd4-9d32-72f8be62d8d3","gpioa":0,"gpiob":0,"gpioc":32768,"gpiod":6712,"gpioe":4352,"modeltime":0,"type":"gpio"}
,[6.4.2022 | 18:24:20] {"client-id":"00b052d5-0193-4fd4-9d32-72f8be62d8d3","gpioa":0,"gpiob":0,"gpioc":32768,"gpiod":6712,"gpioe":4352,"modeltime":0,"type":"gpio"}
,[6.4.2022 | 18:24:20] {"client-id":"00b052d5-0193-4fd4-9d32-72f8be62d8d3","gpioa":0,"gpiob":0,"gpioc":32768,"gpiod":6712,"gpioe":256,"modeltime":0,"type":"gpio"}
,[6.4.2022 | 18:24:20] {"client-id":"00b052d5-0193-4fd4-9d32-72f8be62d8d3","gpioa":0,"gpiob":0,"gpioc":32768,"gpiod":6168,"gpioe":256,"modeltime":0,"type":"gpio"}
,[6.4.2022 | 18:24:20] {"client-id":"00b052d5-0193-4fd4-9d32-72f8be62d8d3","gpioa":0,"gpiob":0,"gpioc":32768,"gpiod":6168,"gpioe":256,"modeltime":0,"type":"gpio"}
,[6.4.2022 | 18:24:20] {"client-id":"00b052d5-0193-4fd4-9d32-72f8be62d8d3","gpioa":0,"gpiob":0,"gpioc":32768,"gpiod":6168,"gpioe":256,"modeltime":0,"type":"gpio"}
,[6.4.2022 | 18:24:20] {"client-id":"00b052d5-0193-4fd4-9d32-72f8be62d8d3","gpioa":0,"gpiob":0,"gpioc":32768,"gpiod":6168,"gpioe":256,"modeltime":0,"type":"gpio"}
,[6.4.2022 | 18:24:20] {"client-id":"00b052d5-0193-4fd4-9d32-72f8be62d8d3","gpioa":0,"gpiob":0,"gpioc":32768,"gpiod":6168,"gpioe":256,"modeltime":0,"type":"gpio"}
,[6.4.2022 | 18:24:20] {"client-id":"00b052d5-0193-4fd4-9d32-72f8be62d8d3","gpioa":0,"gpiob":0,"gpioc":32768,"gpiod":6168,"gpioe":256,"modeltime":0,"type":"gpio"}
,[6.4.2022 | 18:24:20] {"client-id":"00b052d5-0193-4fd4-9d32-72f8be62d8d3","gpioa":0,"gpiob":0,"gpioc":32768,"gpiod":6168,"gpioe":256,"modeltime":0,"type":"gpio"}
,[6.4.2022 | 18:24:20] {"client-id":"00b052d5-0193-4fd4-9d32-72f8be62d8d3","gpioa":0,"gpiob":0,"gpioc":32768,"gpiod":4104,"gpioe":256,"modeltime":0,"type":"gpio"}
,[6.4.2022 | 18:24:21] {"client-id":"00b052d5-0193-4fd4-9d32-72f8be62d8d3","gpioa":0,"gpiob":0,"gpioc":32768,"gpiod":4104,"gpioe":0,"modeltime":0,"type":"gpio"}
,[6.4.2022 | 18:24:21] {"client-id":"00b052d5-0193-4fd4-9d32-72f8be62d8d3","gpioa":0,"gpiob":0,"gpioc":32768,"gpiod":4104,"gpioe":0,"modeltime":0,"type":"gpio"}
,[6.4.2022 | 18:24:21] {"client-id":"00b052d5-0193-4fd4-9d32-72f8be62d8d3","gpioa":0,"gpiob":0,"gpioc":32768,"gpiod":4104,"gpioe":0,"modeltime":0,"type":"gpio"}
,[6.4.2022 | 18:24:21] {"client-id":"00b052d5-0193-4fd4-9d32-72f8be62d8d3","gpioa":0,"gpiob":0,"gpioc":32768,"gpiod":4104,"gpioe":0,"modeltime":0,"type":"gpio"}
,[6.4.2022 | 18:24:21] {"client-id":"00b052d5-0193-4fd4-9d32-72f8be62d8d3","gpioa":0,"gpiob":0,"gpioc":32768,"gpiod":0,"gpioe":0,"modeltime":0,"type":"gpio"}
,[6.4.2022 | 18:24:21] {"client-id":"00b052d5-0193-4fd4-9d32-72f8be62d8d3","gpioa":0,"gpiob":0,"gpioc":32768,"gpiod":0,"gpioe":0,"modeltime":0,"type":"gpio"}
,[6.4.2022 | 18:24:21] {"client-id":"00b052d5-0193-4fd4-9d32-72f8be62d8d3","gpioa":0,"gpiob":0,"gpioc":32768,"gpiod":0,"gpioe":0,"modeltime":0,"type":"gpio"}
,[6.4.2022 | 18:24:21] {"client-id":"00b052d5-0193-4fd4-9d32-72f8be62d8d3","gpioa":0,"gpiob":0,"gpioc":32768,"gpiod":0,"gpioe":0,"modeltime":0,"type":"gpio"}
,[6.4.2022 | 18:24:21] {"client-id":"00b052d5-0193-4fd4-9d32-72f8be62d8d3","gpioa":0,"gpiob":0,"gpioc":32768,"gpiod":0,"gpioe":0,"modeltime":0,"type":"gpio"}
,[6.4.2022 | 18:24:21] {"client-id":"00b052d5-0193-4fd4-9d32-72f8be62d8d3","gpioa":0,"gpiob":0,"gpioc":32768,"gpiod":4104,"gpioe":0,"modeltime":0,"type":"gpio"}
,[6.4.2022 | 18:24:22] {"client-id":"00b052d5-0193-4fd4-9d32-72f8be62d8d3","gpioa":0,"gpiob":0,"gpioc":32768,"gpiod":4104,"gpioe":0,"modeltime":0,"type":"gpio"}
,[6.4.2022 | 18:24:22] {"client-id":"00b052d5-0193-4fd4-9d32-72f8be62d8d3","gpioa":0,"gpiob":0,"gpioc":32768,"gpiod":4104,"gpioe":0,"modeltime":0,"type":"gpio"}
,[6.4.2022 | 18:24:22] {"client-id":"00b052d5-0193-4fd4-9d32-72f8be62d8d3","gpioa":0,"gpiob":0,"gpioc":32768,"gpiod":4104,"gpioe":0,"modeltime":0,"type":"gpio"}
,[6.4.2022 | 18:24:22] {"client-id":"00b052d5-0193-4fd4-9d32-72f8be62d8d3","gpioa":0,"gpiob":0,"gpioc":32768,"gpiod":6168,"gpioe":0,"modeltime":0,"type":"gpio"}
,[6.4.2022 | 18:24:22] {"client-id":"00b052d5-0193-4fd4-9d32-72f8be62d8d3","gpioa":0,"gpiob":0,"gpioc":32768,"gpiod":6168,"gpioe":0,"modeltime":0,"type":"gpio"}
,[6.4.2022 | 18:24:22] {"client-id":"00b052d5-0193-4fd4-9d32-72f8be62d8d3","gpioa":0,"gpiob":0,"gpioc":32768,"gpiod":6168,"gpioe":0,"modeltime":0,"type":"gpio"}
,[6.4.2022 | 18:24:22] {"client-id":"00b052d5-0193-4fd4-9d32-72f8be62d8d3","gpioa":0,"gpiob":0,"gpioc":32768,"gpiod":6168,"gpioe":0,"modeltime":0,"type":"gpio"}
,[6.4.2022 | 18:24:22] {"client-id":"00b052d5-0193-4fd4-9d32-72f8be62d8d3","gpioa":0,"gpiob":0,"gpioc":32768,"gpiod":6168,"gpioe":0,"modeltime":0,"type":"gpio"}
,[6.4.2022 | 18:24:22] {"client-id":"00b052d5-0193-4fd4-9d32-72f8be62d8d3","gpioa":0,"gpiob":0,"gpioc":32768,"gpiod":6712,"gpioe":0,"modeltime":0,"type":"gpio"}
,[6.4.2022 | 18:24:22] {"client-id":"00b052d5-0193-4fd4-9d32-72f8be62d8d3","gpioa":0,"gpiob":0,"gpioc":32768,"gpiod":6712,"gpioe":0,"modeltime":0,"type":"gpio"}
,[6.4.2022 | 18:24:23] {"client-id":"00b052d5-0193-4fd4-9d32-72f8be62d8d3","gpioa":0,"gpiob":0,"gpioc":32768,"gpiod":6712,"gpioe":0,"modeltime":0,"type":"gpio"}
,[6.4.2022 | 18:24:23] {"client-id":"00b052d5-0193-4fd4-9d32-72f8be62d8d3","gpioa":0,"gpiob":0,"gpioc":32768,"gpiod":6712,"gpioe":0,"modeltime":0,"type":"gpio"}
,[6.4.2022 | 18:24:23] {"client-id":"00b052d5-0193-4fd4-9d32-72f8be62d8d3","gpioa":0,"gpiob":0,"gpioc":32768,"gpiod":6712,"gpioe":0,"modeltime":0,"type":"gpio"}
,[6.4.2022 | 18:24:23] {"client-id":"00b052d5-0193-4fd4-9d32-72f8be62d8d3","gpioa":0,"gpiob":0,"gpioc":32768,"gpiod":7032,"gpioe":0,"modeltime":0,"type":"gpio"}
,[6.4.2022 | 18:24:23] {"client-id":"00b052d5-0193-4fd4-9d32-72f8be62d8d3","gpioa":0,"gpiob":0,"gpioc":32768,"gpiod":7032,"gpioe":0,"modeltime":0,"type":"gpio"}
,[6.4.2022 | 18:24:23] {"client-id":"00b052d5-0193-4fd4-9d32-72f8be62d8d3","gpioa":0,"gpiob":0,"gpioc":32768,"gpiod":7032,"gpioe":0,"modeltime":0,"type":"gpio"}
,[6.4.2022 | 18:24:23] {"client-id":"00b052d5-0193-4fd4-9d32-72f8be62d8d3","gpioa":0,"gpiob":0,"gpioc":32768,"gpiod":7032,"gpioe":0,"modeltime":0,"type":"gpio"}
,[6.4.2022 | 18:24:23] {"client-id":"00b052d5-0193-4fd4-9d32-72f8be62d8d3","gpioa":0,"gpiob":0,"gpioc":32768,"gpiod":7032,"gpioe":0,"modeltime":0,"type":"gpio"}
,[6.4.2022 | 18:24:23] {"client-id":"00b052d5-0193-4fd4-9d32-72f8be62d8d3","gpioa":0,"gpiob":0,"gpioc":32768,"gpiod":6712,"gpioe":0,"modeltime":0,"type":"gpio"}
,[6.4.2022 | 18:24:23] {"client-id":"00b052d5-0193-4fd4-9d32-72f8be62d8d3","gpioa":0,"gpiob":0,"gpioc":32768,"gpiod":6712,"gpioe":0,"modeltime":0,"type":"gpio"}
,[6.4.2022 | 18:24:24] {"client-id":"00b052d5-0193-4fd4-9d32-72f8be62d8d3","gpioa":0,"gpiob":0,"gpioc":32768,"gpiod":6712,"gpioe":0,"modeltime":0,"type":"gpio"}
,[6.4.2022 | 18:24:24] {"client-id":"00b052d5-0193-4fd4-9d32-72f8be62d8d3","gpioa":0,"gpiob":0,"gpioc":32768,"gpiod":6712,"gpioe":0,"modeltime":0,"type":"gpio"}
,[6.4.2022 | 18:24:24] {"client-id":"00b052d5-0193-4fd4-9d32-72f8be62d8d3","gpioa":0,"gpiob":0,"gpioc":32768,"gpiod":6712,"gpioe":0,"modeltime":0,"type":"gpio"}
,[6.4.2022 | 18:24:24] {"client-id":"00b052d5-0193-4fd4-9d32-72f8be62d8d3","gpioa":0,"gpiob":0,"gpioc":32768,"gpiod":6712,"gpioe":0,"modeltime":0,"type":"gpio"}
,[6.4.2022 | 18:24:24] {"client-id":"00b052d5-0193-4fd4-9d32-72f8be62d8d3","gpioa":0,"gpiob":0,"gpioc":32768,"gpiod":6168,"gpioe":0,"modeltime":0,"type":"gpio"}
,[6.4.2022 | 18:24:24] {"client-id":"00b052d5-0193-4fd4-9d32-72f8be62d8d3","gpioa":0,"gpiob":0,"gpioc":32768,"gpiod":6168,"gpioe":0,"modeltime":0,"type":"gpio"}
,[6.4.2022 | 18:24:24] {"client-id":"00b052d5-0193-4fd4-9d32-72f8be62d8d3","gpioa":0,"gpiob":0,"gpioc":32768,"gpiod":6168,"gpioe":0,"modeltime":0,"type":"gpio"}
,[6.4.2022 | 18:24:24] {"client-id":"00b052d5-0193-4fd4-9d32-72f8be62d8d3","gpioa":0,"gpiob":0,"gpioc":32768,"gpiod":6168,"gpioe":0,"modeltime":0,"type":"gpio"}
,[6.4.2022 | 18:24:24] {"client-id":"00b052d5-0193-4fd4-9d32-72f8be62d8d3","gpioa":0,"gpiob":0,"gpioc":32768,"gpiod":6168,"gpioe":0,"modeltime":0,"type":"gpio"}
,[6.4.2022 | 18:24:24] {"client-id":"00b052d5-0193-4fd4-9d32-72f8be62d8d3","gpioa":0,"gpiob":0,"gpioc":32768,"gpiod":4104,"gpioe":0,"modeltime":0,"type":"gpio"}
,[6.4.2022 | 18:24:25] {"client-id":"00b052d5-0193-4fd4-9d32-72f8be62d8d3","gpioa":0,"gpiob":0,"gpioc":32768,"gpiod":4104,"gpioe":0,"modeltime":0,"type":"gpio"}
,[6.4.2022 | 18:24:25] {"client-id":"00b052d5-0193-4fd4-9d32-72f8be62d8d3","gpioa":0,"gpiob":0,"gpioc":32768,"gpiod":4104,"gpioe":0,"modeltime":0,"type":"gpio"}
,[6.4.2022 | 18:24:25] {"client-id":"00b052d5-0193-4fd4-9d32-72f8be62d8d3","gpioa":0,"gpiob":0,"gpioc":32768,"gpiod":4104,"gpioe":0,"modeltime":0,"type":"gpio"}
,[6.4.2022 | 18:24:25] {"client-id":"00b052d5-0193-4fd4-9d32-72f8be62d8d3","gpioa":0,"gpiob":0,"gpioc":32768,"gpiod":4104,"gpioe":0,"modeltime":0,"type":"gpio"}
,[6.4.2022 | 18:24:25] {"client-id":"00b052d5-0193-4fd4-9d32-72f8be62d8d3","gpioa":0,"gpiob":0,"gpioc":32768,"gpiod":0,"gpioe":0,"modeltime":0,"type":"gpio"}
,[6.4.2022 | 18:24:25] {"client-id":"00b052d5-0193-4fd4-9d32-72f8be62d8d3","gpioa":0,"gpiob":0,"gpioc":32768,"gpiod":0,"gpioe":0,"modeltime":0,"type":"gpio"}
,[6.4.2022 | 18:24:25] {"client-id":"00b052d5-0193-4fd4-9d32-72f8be62d8d3","gpioa":0,"gpiob":0,"gpioc":32768,"gpiod":0,"gpioe":0,"modeltime":0,"type":"gpio"}
,[6.4.2022 | 18:24:25] {"client-id":"00b052d5-0193-4fd4-9d32-72f8be62d8d3","gpioa":0,"gpiob":0,"gpioc":32768,"gpiod":0,"gpioe":0,"modeltime":0,"type":"gpio"}
,[6.4.2022 | 18:24:25] {"client-id":"00b052d5-0193-4fd4-9d32-72f8be62d8d3","gpioa":0,"gpiob":0,"gpioc":32768,"gpiod":0,"gpioe":0,"modeltime":0,"type":"gpio"}
,[6.4.2022 | 18:24:25] {"client-id":"00b052d5-0193-4fd4-9d32-72f8be62d8d3","gpioa":0,"gpiob":0,"gpioc":32768,"gpiod":4104,"gpioe":0,"modeltime":0,"type":"gpio"}
,[6.4.2022 | 18:24:26] {"client-id":"00b052d5-0193-4fd4-9d32-72f8be62d8d3","gpioa":0,"gpiob":0,"gpioc":32768,"gpiod":4104,"gpioe":0,"modeltime":0,"type":"gpio"}
,[6.4.2022 | 18:24:26] {"client-id":"00b052d5-0193-4fd4-9d32-72f8be62d8d3","gpioa":0,"gpiob":0,"gpioc":32768,"gpiod":4104,"gpioe":0,"modeltime":0,"type":"gpio"}
,[6.4.2022 | 18:24:26] {"client-id":"00b052d5-0193-4fd4-9d32-72f8be62d8d3","gpioa":0,"gpiob":0,"gpioc":32768,"gpiod":4104,"gpioe":0,"modeltime":0,"type":"gpio"}
,[6.4.2022 | 18:24:26] {"client-id":"00b052d5-0193-4fd4-9d32-72f8be62d8d3","gpioa":0,"gpiob":0,"gpioc":32768,"gpiod":6168,"gpioe":0,"modeltime":0,"type":"gpio"}
,[6.4.2022 | 18:24:26] {"client-id":"00b052d5-0193-4fd4-9d32-72f8be62d8d3","gpioa":0,"gpiob":0,"gpioc":32768,"gpiod":6168,"gpioe":0,"modeltime":0,"type":"gpio"}
,[6.4.2022 | 18:24:26] {"client-id":"00b052d5-0193-4fd4-9d32-72f8be62d8d3","gpioa":0,"gpiob":0,"gpioc":32768,"gpiod":6168,"gpioe":0,"modeltime":0,"type":"gpio"}
,[6.4.2022 | 18:24:26] {"client-id":"00b052d5-0193-4fd4-9d32-72f8be62d8d3","gpioa":0,"gpiob":0,"gpioc":32768,"gpiod":6168,"gpioe":0,"modeltime":0,"type":"gpio"}
,[6.4.2022 | 18:24:26] {"client-id":"00b052d5-0193-4fd4-9d32-72f8be62d8d3","gpioa":0,"gpiob":0,"gpioc":32768,"gpiod":6168,"gpioe":0,"modeltime":0,"type":"gpio"}
,[6.4.2022 | 18:24:26] {"client-id":"00b052d5-0193-4fd4-9d32-72f8be62d8d3","gpioa":0,"gpiob":0,"gpioc":32768,"gpiod":6712,"gpioe":0,"modeltime":0,"type":"gpio"}
,[6.4.2022 | 18:24:26] {"client-id":"00b052d5-0193-4fd4-9d32-72f8be62d8d3","gpioa":0,"gpiob":0,"gpioc":32768,"gpiod":6712,"gpioe":0,"modeltime":0,"type":"gpio"}
,[6.4.2022 | 18:24:27] {"client-id":"00b052d5-0193-4fd4-9d32-72f8be62d8d3","gpioa":0,"gpiob":0,"gpioc":32768,"gpiod":6712,"gpioe":0,"modeltime":0,"type":"gpio"}
,[6.4.2022 | 18:24:27] {"client-id":"00b052d5-0193-4fd4-9d32-72f8be62d8d3","gpioa":0,"gpiob":0,"gpioc":32768,"gpiod":6712,"gpioe":0,"modeltime":0,"type":"gpio"}
,[6.4.2022 | 18:24:27] {"client-id":"00b052d5-0193-4fd4-9d32-72f8be62d8d3","gpioa":0,"gpiob":0,"gpioc":32768,"gpiod":6712,"gpioe":0,"modeltime":0,"type":"gpio"}
,[6.4.2022 | 18:24:27] {"client-id":"00b052d5-0193-4fd4-9d32-72f8be62d8d3","gpioa":0,"gpiob":0,"gpioc":32768,"gpiod":6712,"gpioe":0,"modeltime":0,"type":"gpio"}
,[6.4.2022 | 18:24:27] {"client-id":"00b052d5-0193-4fd4-9d32-72f8be62d8d3","gpioa":0,"gpiob":0,"gpioc":32768,"gpiod":7032,"gpioe":0,"modeltime":0,"type":"gpio"}
,[6.4.2022 | 18:24:27] {"client-id":"00b052d5-0193-4fd4-9d32-72f8be62d8d3","gpioa":0,"gpiob":0,"gpioc":32768,"gpiod":7032,"gpioe":0,"modeltime":0,"type":"gpio"}
,[6.4.2022 | 18:24:27] {"client-id":"00b052d5-0193-4fd4-9d32-72f8be62d8d3","gpioa":0,"gpiob":0,"gpioc":32768,"gpiod":7032,"gpioe":0,"modeltime":0,"type":"gpio"}
,[6.4.2022 | 18:24:27] {"client-id":"00b052d5-0193-4fd4-9d32-72f8be62d8d3","gpioa":0,"gpiob":0,"gpioc":32768,"gpiod":7032,"gpioe":0,"modeltime":0,"type":"gpio"}
,[6.4.2022 | 18:24:27] {"client-id":"00b052d5-0193-4fd4-9d32-72f8be62d8d3","gpioa":0,"gpiob":0,"gpioc":32768,"gpiod":6712,"gpioe":0,"modeltime":0,"type":"gpio"}
,[6.4.2022 | 18:24:27] {"client-id":"00b052d5-0193-4fd4-9d32-72f8be62d8d3","gpioa":0,"gpiob":0,"gpioc":32768,"gpiod":6712,"gpioe":0,"modeltime":0,"type":"gpio"}
,[6.4.2022 | 18:24:28] {"client-id":"00b052d5-0193-4fd4-9d32-72f8be62d8d3","gpioa":0,"gpiob":0,"gpioc":32768,"gpiod":6712,"gpioe":0,"modeltime":0,"type":"gpio"}
,[6.4.2022 | 18:24:28] {"client-id":"00b052d5-0193-4fd4-9d32-72f8be62d8d3","gpioa":0,"gpiob":0,"gpioc":32768,"gpiod":6712,"gpioe":0,"modeltime":0,"type":"gpio"}
,[6.4.2022 | 18:24:28] {"client-id":"00b052d5-0193-4fd4-9d32-72f8be62d8d3","gpioa":0,"gpiob":0,"gpioc":32768,"gpiod":6712,"gpioe":0,"modeltime":0,"type":"gpio"}
,[6.4.2022 | 18:24:28] {"client-id":"00b052d5-0193-4fd4-9d32-72f8be62d8d3","gpioa":0,"gpiob":0,"gpioc":32768,"gpiod":6168,"gpioe":0,"modeltime":0,"type":"gpio"}
,[6.4.2022 | 18:24:28] {"client-id":"00b052d5-0193-4fd4-9d32-72f8be62d8d3","gpioa":0,"gpiob":0,"gpioc":32768,"gpiod":6168,"gpioe":0,"modeltime":0,"type":"gpio"}
,[6.4.2022 | 18:24:28] {"client-id":"00b052d5-0193-4fd4-9d32-72f8be62d8d3","gpioa":0,"gpiob":0,"gpioc":32768,"gpiod":6168,"gpioe":0,"modeltime":0,"type":"gpio"}
,[6.4.2022 | 18:24:28] {"client-id":"00b052d5-0193-4fd4-9d32-72f8be62d8d3","gpioa":0,"gpiob":0,"gpioc":32768,"gpiod":6168,"gpioe":0,"modeltime":0,"type":"gpio"}
,[6.4.2022 | 18:24:28] {"client-id":"00b052d5-0193-4fd4-9d32-72f8be62d8d3","gpioa":0,"gpiob":0,"gpioc":32768,"gpiod":6168,"gpioe":0,"modeltime":0,"type":"gpio"}
,[6.4.2022 | 18:24:28] {"client-id":"00b052d5-0193-4fd4-9d32-72f8be62d8d3","gpioa":0,"gpiob":0,"gpioc":32768,"gpiod":4104,"gpioe":0,"modeltime":0,"type":"gpio"}
,[6.4.2022 | 18:24:28] {"client-id":"00b052d5-0193-4fd4-9d32-72f8be62d8d3","gpioa":0,"gpiob":0,"gpioc":32768,"gpiod":4104,"gpioe":0,"modeltime":0,"type":"gpio"}
,[6.4.2022 | 18:24:29] {"client-id":"00b052d5-0193-4fd4-9d32-72f8be62d8d3","gpioa":0,"gpiob":0,"gpioc":32768,"gpiod":4104,"gpioe":0,"modeltime":0,"type":"gpio"}
,[6.4.2022 | 18:24:29] {"client-id":"00b052d5-0193-4fd4-9d32-72f8be62d8d3","gpioa":0,"gpiob":0,"gpioc":32768,"gpiod":4104,"gpioe":0,"modeltime":0,"type":"gpio"}
